pos PPL avgLR(count) MOD Alpha dgf pen_vector markerList
	 95.000000  0.0180   0.86969293(1650)   0.783179 1.000000 0.800000  0.999000 0.800000 0.700000 (11,12,13)
	 96.000000  0.0187   0.90782884(1650)   0.840809 1.000000 0.800000  0.999000 0.800000 0.700000 (11,12,13)
	 97.000000  0.0194   0.94993483(1650)   0.904415 1.000000 0.800000  0.999000 0.800000 0.800000 (11,12,13)
	 98.000000  0.0202   0.99482560(1650)   0.978314 1.000000 0.800000  0.999000 0.800000 0.800000 (11,12,13)
	 99.000000  0.0210   1.04017286(1650)   1.049903 1.000000 0.800000  0.999000 0.800000 0.800000 (11,12,13)
	 100.000000  0.0218   1.08234256(1650)   1.116033 1.000000 0.800000  0.999000 0.800000 0.800000 (11,12,13)
	 101.000000  0.0224   1.11636223(1650)   1.172570 1.000000 0.800000  0.999000 0.800000 0.800000 (11,12,13)
	 102.000000  0.0227   1.13620847(1650)   1.214548 1.000000 0.800000  0.999000 0.800000 0.800000 (11,12,13)
	 103.000000  0.0301   1.56329110(1650)   1.369079 1.000000 0.800000  0.999000 0.800000 0.800000 (11,12,13)
	 104.000000  0.0391   2.08744140(1650)   1.470202 1.000000 0.800000  0.999000 0.800000 0.800000 (11,12,13)
	 105.000000  0.0489   2.66550490(1650)   1.517933 1.000000 0.800000  0.999000 0.800000 0.800000 (11,12,13)
	 106.000000  0.0584   3.23912779(1650)   1.671297 1.000000 0.001000  0.999000 0.900000 0.100000 (11,12,13)
	 107.000000  0.0665   3.73582134(1650)   1.796445 1.000000 0.001000  0.999000 0.900000 0.100000 (11,12,13)
	 108.000000  0.0721   4.08309188(1650)   1.889211 1.000000 0.001000  0.999000 0.999000 0.100000 (11,12,13)
	 109.000000  0.0743   4.22500961(1650)   1.946417 1.000000 0.001000  0.999000 0.999000 0.100000 (11,12,13)
	 110.000000  0.0729   4.13716706(1650)   1.957918 1.000000 0.001000  0.999000 0.999000 0.100000 (11,12,13)
	 111.000000  0.0681   3.83535680(1650)   1.922246 1.000000 0.001000  0.999000 0.999000 0.100000 (11,12,13)
	 112.000000  0.0606   3.37365201(1650)   1.837244 1.000000 0.001000  0.999000 0.999000 0.100000 (11,12,13)
	 113.000000  0.0517   2.83039622(1650)   1.700157 1.000000 0.001000  0.999000 0.999000 0.100000 (11,12,13)
	 114.000000  0.0402   2.14808799(1650)   1.435905 1.000000 0.500000  0.100000 0.100000 0.000000 (12,13,14)
	 115.000000  0.0439   2.37016964(1650)   1.501500 1.000000 0.500000  0.100000 0.100000 0.000000 (12,13,14)
	 116.000000  0.0473   2.56760363(1650)   1.546957 1.000000 0.500000  0.100000 0.100000 0.000000 (12,13,14)
	 117.000000  0.0500   2.72883102(1650)   1.578307 1.000000 0.001000  0.999000 0.999000 0.100000 (12,13,14)
	 118.000000  0.0519   2.84517073(1650)   1.604539 1.000000 0.001000  0.999000 0.999000 0.100000 (12,13,14)
	 119.000000  0.0530   2.91179261(1650)   1.617007 1.000000 0.001000  0.999000 0.999000 0.100000 (12,13,14)
	 120.000000  0.0533   2.92805367(1650)   1.617591 1.000000 0.001000  0.999000 0.999000 0.100000 (12,13,14)
	 121.000000  0.0528   2.89719165(1650)   1.608005 1.000000 0.001000  0.999000 0.999000 0.100000 (12,13,14)
	 122.000000  0.0989   5.82048238(1650)   2.158390 1.000000 0.001000  0.999000 0.999000 0.100000 (13,14,15)
	 123.000000  0.0978   5.74760229(1650)   2.148377 1.000000 0.001000  0.999000 0.999000 0.100000 (13,14,15)
	 124.000000  0.0949   5.55202472(1650)   2.124606 1.000000 0.001000  0.999000 0.999000 0.100000 (13,14,15)
	 125.000000  0.0904   5.25588885(1650)   2.087688 1.000000 0.001000  0.999000 0.999000 0.100000 (13,14,15)
	 126.000000  0.0846   4.88367981(1650)   2.037893 1.000000 0.001000  0.999000 0.999000 0.100000 (13,14,15)
	 127.000000  0.0780   4.45913880(1650)   1.975144 1.000000 0.001000  0.999000 0.999000 0.100000 (13,14,15)
	 128.000000  0.0708   4.00357203(1650)   1.899017 1.000000 0.001000  0.999000 0.999000 0.100000 (13,14,15)
	 129.000000  0.0632   3.53534867(1650)   1.808752 1.000000 0.001000  0.999000 0.999000 0.100000 (13,14,15)
	 130.000000  0.0556   3.07009695(1650)   1.703287 1.000000 0.001000  0.999000 0.999000 0.100000 (13,14,15)
	 131.000000  0.0482   2.62109865(1650)   1.581284 1.000000 0.001000  0.999000 0.999000 0.100000 (13,14,15)
	 132.000000  0.0411   2.19953713(1650)   1.458150 1.000000 0.001000  0.900000 0.900000 0.100000 (13,14,15)
	 133.000000  0.0345   1.81446169(1650)   1.320223 1.000000 0.001000  0.900000 0.900000 0.100000 (13,14,15)
	 134.000000  0.0286   1.47251504(1650)   1.162290 1.000000 0.001000  0.900000 0.900000 0.100000 (13,14,15)
	 135.000000  0.0234   1.17759282(1650)   0.982422 1.000000 0.001000  0.900000 0.900000 0.100000 (13,14,15)
	 136.000000  0.0191   0.93064579(1650)   0.780923 0.950000 0.001000  0.900000 0.900000 0.100000 (13,14,15)
	 137.000000  0.0155   0.72359795(1650)   0.639328 0.850000 0.001000  0.900000 0.900000 0.100000 (14,15,16)
	 138.000000  0.0180   0.86605235(1650)   0.830356 0.950000 0.001000  0.900000 0.900000 0.100000 (14,15,16)
	 139.000000  0.0187   0.91058601(1650)   0.918094 1.000000 0.001000  0.900000 0.900000 0.100000 (14,15,16)
	 140.000000  0.0175   0.83801817(1650)   0.881573 1.000000 0.001000  0.900000 0.900000 0.100000 (14,15,16)
