Polynomial is off!
Quantitative Trait without threshoold & LE
Total number of markers in data: 3
Total number of trait locus in data: 1
Total number of families in pedigree file: 10
Number of loci to use for analysis: 2
# 1  Loci_12 Loci_20 Max Het LR
Chr     Marker   Position   MOD   DPrime Theta R2 ALPHA DGF MF PEN_DD PEN_Dd PEN_dd
# Overal MOD maximizing model:
  40         Loci_12   0.3100   2.1731  0.00 (0.0000, 0.0000) 0.000 1.00 0.9000 0.7024 2.000 0.000 0.000  0.707 0.707 0.707  0.000 
# MOD maximizing model for theta=0:
  40         Loci_12   0.3100   2.1731  0.00 0.0000 0.000 1.00 0.9000 0.7024 2.000 0.000 0.000  0.707 0.707 0.707  0.000 
# MOD maximizing model for dprime=0:
  40         Loci_12   0.3100   2.1731  0.00 0.0000 0.000 1.00 0.9000 0.7024  2.000 0.000 0.000  0.707 0.707 0.707  0.000 
# Overal LR maximizing model:
  40         Loci_12   0.3100   0.4161  0.00 (0.0000 0.0000)
# LR maximizing model for theta (0, 0):
  40         Loci_12   0.3100   0.4161  0.00 0.0000
# LR maximizing model for dprime=0:
  40         Loci_12   0.3100   0.4161  0.00 0.0000
# 2  Loci_13 Loci_20 Max Het LR
Chr     Marker   Position   MOD   DPrime Theta R2 ALPHA DGF MF PEN_DD PEN_Dd PEN_dd
# Overal MOD maximizing model:
  40         Loci_13   0.6500   0.5251  0.00 (0.1800, 0.1800) 0.000 1.00 0.7000 0.6049 3.000 3.000 0.000  0.707 0.707 0.707  0.000 
# MOD maximizing model for theta=0:
  40         Loci_13   0.6500   0.5039  0.00 0.0000 0.000 0.65 0.9000 0.6049 3.000 0.000 0.000  0.707 0.707 0.707  0.000 
# MOD maximizing model for dprime=0:
  40         Loci_13   0.6500   0.5251  0.00 0.0000 0.000 1.00 0.7000 0.6049  3.000 3.000 0.000  0.707 0.707 0.707  0.000 
# Overal LR maximizing model:
  40         Loci_13   0.6500   0.0000  0.00 (0.5000 0.5000)
# LR maximizing model for theta (0, 0):
  40         Loci_13   0.6500  -0.2623  0.00 0.0000
# LR maximizing model for dprime=0:
  40         Loci_13   0.6500   0.0000  0.00 0.0000
# 3  Loci_14 Loci_20 Max Het LR
Chr     Marker   Position   MOD   DPrime Theta R2 ALPHA DGF MF PEN_DD PEN_Dd PEN_dd
# Overal MOD maximizing model:
  40         Loci_14   0.9600   0.4943  0.00 (0.2200, 0.2200) 0.000 1.00 0.5000 0.2787 3.000 3.000 -1.000  0.707 0.707 0.707  0.000 
# MOD maximizing model for theta=0:
  40         Loci_14   0.9600   0.2475  0.00 0.0000 0.000 1.00 0.9900 0.2787 1.000 1.000 -2.000  0.707 0.707 0.707  0.000 
# MOD maximizing model for dprime=0:
  40         Loci_14   0.9600   0.4943  0.00 0.0000 0.000 1.00 0.5000 0.2787  3.000 3.000 -1.000  0.707 0.707 0.707  0.000 
# Overal LR maximizing model:
  40         Loci_14   0.9600   0.0054  0.00 (0.3400 0.3400)
# LR maximizing model for theta (0, 0):
  40         Loci_14   0.9600  -0.2233  0.00 0.0000
# LR maximizing model for dprime=0:
  40         Loci_14   0.9600   0.0054  0.00 0.0000
Computation time:  0.000000s  167.710000s 
