PID: 4641, kelvin V0.34.0.1, likelihood V0.32.4, locus V0.32.4, polynomial V0.34.0.160 starting run
To force a dump of stats, type CTRL-\ or type "kill -3 4641".
!!!!!!!!!!!The Computation is done in polynomial mode!!!!!!!!!!!!!!!
New variable f[0][0]
New variable f[0][1]
New variable p[2][0][0][0]
New variable p[2][0][0][1]
New variable p[2][0][1][1]
Dichotomous Trait & LE
Total number of markers in data: 2
Total number of trait locus in data: 1
Total number of families in pedigree file: 10
Number of loci to use for analysis: 3
New variable theta0_2
New variable theta0_1
New variable theta0_1
holdAllPolys from further population of transmission matrix
Holding all current polynomials (via hashes):
13 constants
8 variables:
16 sums
7 products
---
MP start time: 1.280000
PEDIGREE: 1 (1/10)
PEDIGREE: 3 (2/10)
PEDIGREE: 5 (3/10)
PEDIGREE: 7 (4/10)
PEDIGREE: 9 (5/10)
PEDIGREE: 11 (6/10)
PEDIGREE: 13 (7/10)
PEDIGREE: 15 (8/10)
PEDIGREE: 17 (9/10)
PEDIGREE: 19 (10/10)
Finished polynomial building: 4.230000
MP done trait: 4.400000
PEDIGREE: 1 (1/10)
PEDIGREE: 3 (2/10)
PEDIGREE: 5 (3/10)
PEDIGREE: 7 (4/10)
PEDIGREE: 9 (5/10)
PEDIGREE: 11 (6/10)
PEDIGREE: 13 (7/10)
PEDIGREE: 15 (8/10)
PEDIGREE: 17 (9/10)
PEDIGREE: 19 (10/10)
Finished polynomial building: 7.380000
MP done marker set on pos 0: 7.380000
PEDIGREE: 1 (1/10)
PEDIGREE: 3 (2/10)
PEDIGREE: 5 (3/10)
PEDIGREE: 7 (4/10)
PEDIGREE: 9 (5/10)
PEDIGREE: 11 (6/10)
PEDIGREE: 13 (7/10)
PEDIGREE: 15 (8/10)
PEDIGREE: 17 (9/10)
PEDIGREE: 19 (10/10)
Finished polynomial building: 10.360000
MP done ALT on pos 0: 10.970000
PEDIGREE: 1 (1/10)
PEDIGREE: 3 (2/10)
PEDIGREE: 5 (3/10)
PEDIGREE: 7 (4/10)
PEDIGREE: 9 (5/10)
PEDIGREE: 11 (6/10)
PEDIGREE: 13 (7/10)
PEDIGREE: 15 (8/10)
PEDIGREE: 17 (9/10)
PEDIGREE: 19 (10/10)
Finished polynomial building: 14.060000
MP done ALT on pos 1: 14.940000
PEDIGREE: 1 (1/10)
PEDIGREE: 3 (2/10)
PEDIGREE: 5 (3/10)
PEDIGREE: 7 (4/10)
PEDIGREE: 9 (5/10)
PEDIGREE: 11 (6/10)
PEDIGREE: 13 (7/10)
PEDIGREE: 15 (8/10)
PEDIGREE: 17 (9/10)
PEDIGREE: 19 (10/10)
Finished polynomial building: 18.010000
MP done ALT on pos 2: 18.730000
Computation time:  0.000000s  17.450000s 
Computation time:  0.000000s  17.450000s 
PID: 4641, stopwatch overall(1) e:19s u:18.187235s s:0.594910s, vx:0, ivx:491, sf:123941, hf:0
PID: 4641, finished run
