PID: 2489, kelvin V0.34.0.1, likelihood V0.32.4, locus V0.32.4, polynomial V($Id: polynomial.c 218 2008-03-25 12:12:54Z whv001 $) starting run
To force a dump of stats, type CTRL-\ or type "kill -3 2489".
!!!!!!!!!!!The Computation is done in polynomial mode!!!!!!!!!!!!!!!
New variable f[0][0]
New variable f[0][1]
New variable p[2][0][0][0]
New variable p[2][0][0][1]
New variable p[2][0][1][1]
Dichotomous Trait & LE
Total number of markers in data: 9
Total number of trait locus in data: 1
Total number of families in pedigree file: 11
Number of loci to use for analysis: 2
New variable theta0_1
holdAllPolys from population of transmission matrix
Holding all current polynomials (via hashes):
All Polynomials (from hash):
All 48 constants:
(0 0) index=47 key=0 count=0 valid=4 constant: 0.5
(1 0) index=18 key=1 count=0 valid=4 constant: 1
(1993 0) index=30 key=532954023 count=0 valid=4 constant: 0.312044
(6738 0) index=26 key=333576714 count=0 valid=4 constant: 0.577667
(6781 0) index=4 key=1974929022 count=0 valid=4 constant: 0.239956
(7454 0) index=25 key=133495439 count=0 valid=4 constant: 0.13277
(9761 0) index=29 key=1199601788 count=0 valid=4 constant: 0.194826
(10807 0) index=32 key=2095622185 count=0 valid=4 constant: 0.246981
(11545 0) index=43 key=374877804 count=0 valid=4 constant: 0.293642
(11701 0) index=10 key=936427416 count=0 valid=4 constant: 0.718029
(17421 0) index=0 key=1455186444 count=0 valid=4 constant: 0.209703
(17791 0) index=13 key=629161163 count=0 valid=4 constant: 0.646488
(18772 0) index=17 key=1711664710 count=0 valid=4 constant: 0.449264
(19484 0) index=14 key=179903293 count=0 valid=4 constant: 0.541887
(20093 0) index=27 key=985731371 count=0 valid=4 constant: 0.182377
(20313 0) index=3 key=560269886 count=0 valid=4 constant: 0.157612
(25957 0) index=24 key=1266711945 count=0 valid=4 constant: 0.0248415
(28331 0) index=1 key=1246816110 count=0 valid=4 constant: 0.790297
(29069 0) index=16 key=217909458 count=0 valid=4 constant: 0.550736
(30075 0) index=36 key=1330810294 count=0 valid=4 constant: 0.202463
(30814 0) index=37 key=584378218 count=0 valid=4 constant: 0.0795076
(31764 0) index=41 key=2117341189 count=0 valid=4 constant: 0.248245
(32303 0) index=34 key=497887492 count=0 valid=4 constant: 0.307962
(37942 0) index=15 key=1787677040 count=0 valid=4 constant: 0.458113
(41328 0) index=12 key=889161300 count=0 valid=4 constant: 0.353512
(44118 0) index=42 key=1458012889 count=0 valid=4 constant: 0.209868
(44519 0) index=33 key=1255431524 count=0 valid=4 constant: 0.198076
(46389 0) index=6 key=251723736 count=0 valid=4 constant: 0.558609
(49515 0) index=44 key=2103260209 count=0 valid=4 constant: 0.247426
(53509 0) index=11 key=274628795 count=0 valid=4 constant: 0.281971
(57963 0) index=21 key=874479258 count=0 valid=4 constant: 0.0439753
(58495 0) index=31 key=2088470521 count=0 valid=4 constant: 0.246565
(58694 0) index=20 key=699695721 count=0 valid=4 constant: 0.165728
(59946 0) index=35 key=66853934 count=0 valid=4 constant: 0.515566
(69421 0) index=22 key=535021271 count=0 valid=4 constant: 0.624569
(69815 0) index=28 key=1809306969 count=0 valid=0 constant: 0.0575789
(71252 0) index=40 key=2146478058 count=0 valid=4 constant: 0.124971
(71836 0) index=45 key=457930625 count=0 valid=4 constant: 0.30331
(76913 0) index=19 key=2147483629 count=0 valid=0 constant: 0
(77603 0) index=2 key=1470545249 count=0 valid=4 constant: 0.842388
(77659 0) index=8 key=1675526855 count=0 valid=4 constant: 0.445057
(80986 0) index=5 key=1116880465 count=0 valid=4 constant: 0.760044
(81290 0) index=38 key=1442651447 count=0 valid=4 constant: 0.417947
(81508 0) index=23 key=900300481 count=0 valid=4 constant: 0.709618
(84124 0) index=7 key=1644036155 count=0 valid=4 constant: 0.441391
(85485 0) index=39 key=1778825384 count=0 valid=4 constant: 0.228541
(88017 0) index=46 key=1320069208 count=0 valid=4 constant: 0.201838
(99617 0) index=9 key=235978386 count=0 valid=4 constant: 0.554943

All 6 variables:
(13 0) index=4 key=785313080 count=0 valid=4 variable: p[2][0][1][1]
(23 0) index=5 key=786053976 count=0 valid=4 variable: theta0_1
(62 0) index=2 key=785313032 count=0 valid=4 variable: p[2][0][0][0]
(70 0) index=3 key=785313040 count=0 valid=4 variable: p[2][0][0][1]
(85 0) index=0 key=381847472 count=0 valid=4 variable: f[0][0]
(93 0) index=1 key=381847480 count=0 valid=4 variable: f[0][1]

All 6 sums:
(50639 0) index=3 key=786047888 count=0 valid=4 sum: (s3:-1*theta0_1+1)
(50673 0) index=4 key=786047922 count=0 valid=4 sum: (s4:-0.5*theta0_1+0.5)
(69130 0) index=5 key=786066379 count=0 valid=4 sum: (s5:0.5*theta0_1)
(1309651 0) index=0 key=785306907 count=0 valid=4 sum: (s0:-1*p[2][0][0][0]+1)
(1309661 0) index=1 key=785306917 count=0 valid=4 sum: (s1:-1*p[2][0][0][1]+1)
(1309703 0) index=2 key=785306959 count=0 valid=4 sum: (s2:-1*p[2][0][1][1]+1)

All 3 products:
(1595817 0) index=1 key=1145591813 count=0 valid=4 product: (p1:f[0][0]*f[0][1])
(1898182 0) index=2 key=381896852 count=0 valid=4 product: (p2:f[0][0]^2)
(1898191 0) index=0 key=381896861 count=0 valid=4 product: (p0:f[0][1]^2)

---
48 constants
6 variables:
6 sums
3 products
---
mkrFreq =0  model nafreq= 1 
i=0 Dprime=0.000000 theta=0.002346 
Starting DCUHRE with dim=4
Checking variables
Checking variables is done successfully
Calling dadhre
Initializing generators, weights...
Apply DRLHRE over the whole region
PEDIGREE: 1 (1/11)
PEDIGREE: 2 (2/11)
PEDIGREE: 3 (3/11)
PEDIGREE: 4 (4/11)
PEDIGREE: 5 (5/11)
PEDIGREE: 6 (6/11)
PEDIGREE: 7 (7/11)
PEDIGREE: 8 (8/11)
PEDIGREE: 9 (9/11)
PEDIGREE: 10 (10/11)
PEDIGREE: 11 (11/11)
Finished polynomial building: 4.020000
After 0 sub regions result=0.230963311939134303 error=0.018652930563414671
Setting absolute error   0.09574310  diff =0.191486  error = 0.018653
Final result =   0.2309633119  with error =   0.0186529306 and neval = 153
End of DCUHRE with ifail =0
tp result 0.002346 0.000000 is  1.3857798716   
i=1 Dprime=0.000000 theta=0.011538 
Starting DCUHRE with dim=4
Checking variables
Checking variables is done successfully
Calling dadhre
Initializing generators, weights...
Apply DRLHRE over the whole region
After 0 sub regions result=0.228577195087656559 error=0.018579301482059812
Setting absolute error   0.09570938  diff =0.191419  error = 0.018579
Final result =   0.2285771951  with error =   0.0185793015 and neval = 153
End of DCUHRE with ifail =0
tp result 0.011538 0.000000 is  1.3714631705   
i=2 Dprime=0.000000 theta=0.025000 
Starting DCUHRE with dim=4
Checking variables
Checking variables is done successfully
Calling dadhre
Initializing generators, weights...
Apply DRLHRE over the whole region
After 0 sub regions result=0.225069768316998098 error=0.018309291082981620
Setting absolute error   0.09566080  diff =0.191322  error = 0.018309
Final result =   0.2250697683  with error =   0.0183092911 and neval = 153
End of DCUHRE with ifail =0
tp result 0.025000 0.000000 is  1.3504186099   
i=3 Dprime=0.000000 theta=0.038462 
Starting DCUHRE with dim=4
Checking variables
Checking variables is done successfully
Calling dadhre
Initializing generators, weights...
Apply DRLHRE over the whole region
After 0 sub regions result=0.221571039778499013 error=0.017872598127332502
Setting absolute error   0.09561358  diff =0.191227  error = 0.017873
Final result =   0.2215710398  with error =   0.0178725981 and neval = 153
End of DCUHRE with ifail =0
tp result 0.038462 0.000000 is  1.3294262387   
i=4 Dprime=0.000000 theta=0.047654 
Starting DCUHRE with dim=4
Checking variables
Checking variables is done successfully
Calling dadhre
Initializing generators, weights...
Apply DRLHRE over the whole region
After 0 sub regions result=0.219199798791510747 error=0.017492882745587943
Setting absolute error   0.09558232  diff =0.191165  error = 0.017493
Final result =   0.2191997988  with error =   0.0174928827 and neval = 153
End of DCUHRE with ifail =0
tp result 0.047654 0.000000 is  1.3151987927   
i=5 Dprime=0.000000 theta=0.071110 
Starting DCUHRE with dim=4
Checking variables
Checking variables is done successfully
Calling dadhre
Initializing generators, weights...
Apply DRLHRE over the whole region
After 0 sub regions result=0.213270090116623678 error=0.016287365924125777
Setting absolute error   0.09550701  diff =0.191014  error = 0.016287
Final result =   0.2132700901  with error =   0.0162873659 and neval = 153
End of DCUHRE with ifail =0
tp result 0.071110 0.000000 is  1.2796205407   
i=6 Dprime=0.000000 theta=0.153844 
Starting DCUHRE with dim=4
Checking variables
Checking variables is done successfully
Calling dadhre
Initializing generators, weights...
Apply DRLHRE over the whole region
After 0 sub regions result=0.194863090123876315 error=0.010815183032643803
Setting absolute error   0.09530455  diff =0.190609  error = 0.010815
Final result =   0.1948630901  with error =   0.0108151830 and neval = 153
End of DCUHRE with ifail =0
tp result 0.153844 0.000000 is  1.1691785407   
i=7 Dprime=0.000000 theta=0.275000 
Starting DCUHRE with dim=4
Checking variables
Checking variables is done successfully
Calling dadhre
Initializing generators, weights...
Apply DRLHRE over the whole region
After 0 sub regions result=0.177323245200980556 error=0.004132503353775211
Setting absolute error   0.09517181  diff =0.190344  error = 0.004133
Final result =   0.1773232452  with error =   0.0041325034 and neval = 153
End of DCUHRE with ifail =0
tp result 0.275000 0.000000 is  1.0639394712   
i=8 Dprime=0.000000 theta=0.396156 
Starting DCUHRE with dim=4
Checking variables
Checking variables is done successfully
Calling dadhre
Initializing generators, weights...
Apply DRLHRE over the whole region
After 0 sub regions result=0.169258839338273126 error=0.000942382014237096
Setting absolute error   0.09513845  diff =0.190277  error = 0.000942
Final result =   0.1692588393  with error =   0.0009423820 and neval = 153
End of DCUHRE with ifail =0
tp result 0.396156 0.000000 is  1.0155530360   
i=9 Dprime=0.000000 theta=0.478890 
Starting DCUHRE with dim=4
Checking variables
Checking variables is done successfully
Calling dadhre
Initializing generators, weights...
Apply DRLHRE over the whole region
After 0 sub regions result=0.167007876263542687 error=0.000122521594634133
Setting absolute error   0.09513305  diff =0.190266  error = 0.000123
Final result =   0.1670078763  with error =   0.0001225216 and neval = 153
End of DCUHRE with ifail =0
tp result 0.478890 0.000000 is  1.0020472576   
End of LE case
ppl is 0.026575
mkrFreq =0  model nafreq= 1 
i=0 Dprime=0.000000 theta=0.002346 
Starting DCUHRE with dim=4
Checking variables
Checking variables is done successfully
Calling dadhre
Initializing generators, weights...
Apply DRLHRE over the whole region
PEDIGREE: 1 (1/11)
PEDIGREE: 2 (2/11)
PEDIGREE: 3 (3/11)
PEDIGREE: 4 (4/11)
PEDIGREE: 5 (5/11)
PEDIGREE: 6 (6/11)
PEDIGREE: 7 (7/11)
PEDIGREE: 8 (8/11)
PEDIGREE: 9 (9/11)
PEDIGREE: 10 (10/11)
PEDIGREE: 11 (11/11)
Finished polynomial building: 7.040000
After 0 sub regions result=0.177845870900908476 error=0.007759567618707735
Setting absolute error   0.09517466  diff =0.190349  error = 0.007760
Final result =   0.1778458709  with error =   0.0077595676 and neval = 153
End of DCUHRE with ifail =0
tp result 0.002346 0.000000 is  1.0670752254   
i=1 Dprime=0.000000 theta=0.011538 
Starting DCUHRE with dim=4
Checking variables
Checking variables is done successfully
Calling dadhre
Initializing generators, weights...
Apply DRLHRE over the whole region
After 0 sub regions result=0.177737469825840516 error=0.007199337732715340
Setting absolute error   0.09517406  diff =0.190348  error = 0.007199
Final result =   0.1777374698  with error =   0.0071993377 and neval = 153
End of DCUHRE with ifail =0
tp result 0.011538 0.000000 is  1.0664248190   
i=2 Dprime=0.000000 theta=0.025000 
Starting DCUHRE with dim=4
Checking variables
Checking variables is done successfully
Calling dadhre
Initializing generators, weights...
Apply DRLHRE over the whole region
After 0 sub regions result=0.177530695584716902 error=0.006443174463973309
Setting absolute error   0.09517293  diff =0.190346  error = 0.006443
Final result =   0.1775306956  with error =   0.0064431745 and neval = 153
End of DCUHRE with ifail =0
tp result 0.025000 0.000000 is  1.0651841735   
i=3 Dprime=0.000000 theta=0.038462 
Starting DCUHRE with dim=4
Checking variables
Checking variables is done successfully
Calling dadhre
Initializing generators, weights...
Apply DRLHRE over the whole region
After 0 sub regions result=0.177272869183400017 error=0.005758374303559273
Setting absolute error   0.09517154  diff =0.190343  error = 0.005758
Final result =   0.1772728692  with error =   0.0057583743 and neval = 153
End of DCUHRE with ifail =0
tp result 0.038462 0.000000 is  1.0636372151   
i=4 Dprime=0.000000 theta=0.047654 
Starting DCUHRE with dim=4
Checking variables
Checking variables is done successfully
Calling dadhre
Initializing generators, weights...
Apply DRLHRE over the whole region
After 0 sub regions result=0.177070821877461509 error=0.005328942987492509
Setting absolute error   0.09517046  diff =0.190341  error = 0.005329
Final result =   0.1770708219  with error =   0.0053289430 and neval = 153
End of DCUHRE with ifail =0
tp result 0.047654 0.000000 is  1.0624249313   
i=5 Dprime=0.000000 theta=0.071110 
Starting DCUHRE with dim=4
Checking variables
Checking variables is done successfully
Calling dadhre
Initializing generators, weights...
Apply DRLHRE over the whole region
After 0 sub regions result=0.176474714446547887 error=0.004361073533326020
Setting absolute error   0.09516735  diff =0.190335  error = 0.004361
Final result =   0.1764747144  with error =   0.0043610735 and neval = 153
End of DCUHRE with ifail =0
tp result 0.071110 0.000000 is  1.0588482867   
i=6 Dprime=0.000000 theta=0.153844 
Starting DCUHRE with dim=4
Checking variables
Checking variables is done successfully
Calling dadhre
Initializing generators, weights...
Apply DRLHRE over the whole region
After 0 sub regions result=0.173821556150163425 error=0.002089458415435977
Setting absolute error   0.09515479  diff =0.190310  error = 0.002089
Final result =   0.1738215562  with error =   0.0020894584 and neval = 153
End of DCUHRE with ifail =0
tp result 0.153844 0.000000 is  1.0429293369   
i=7 Dprime=0.000000 theta=0.275000 
Starting DCUHRE with dim=4
Checking variables
Checking variables is done successfully
Calling dadhre
Initializing generators, weights...
Apply DRLHRE over the whole region
After 0 sub regions result=0.169901717947773812 error=0.000638721225943571
Setting absolute error   0.09514033  diff =0.190281  error = 0.000639
Final result =   0.1699017179  with error =   0.0006387212 and neval = 153
End of DCUHRE with ifail =0
tp result 0.275000 0.000000 is  1.0194103077   
i=8 Dprime=0.000000 theta=0.396156 
Starting DCUHRE with dim=4
Checking variables
Checking variables is done successfully
Calling dadhre
Initializing generators, weights...
Apply DRLHRE over the whole region
After 0 sub regions result=0.167356220260961364 error=0.000120230450041187
Setting absolute error   0.09513376  diff =0.190268  error = 0.000120
Final result =   0.1673562203  with error =   0.0001202305 and neval = 153
End of DCUHRE with ifail =0
tp result 0.396156 0.000000 is  1.0041373216   
i=9 Dprime=0.000000 theta=0.478890 
Starting DCUHRE with dim=4
Checking variables
Checking variables is done successfully
Calling dadhre
Initializing generators, weights...
Apply DRLHRE over the whole region
After 0 sub regions result=0.166694439342112671 error=0.000005052504190555
Setting absolute error   0.09513245  diff =0.190265  error = 0.000005
Final result =   0.1666944393  with error =   0.0000050525 and neval = 153
End of DCUHRE with ifail =0
tp result 0.478890 0.000000 is  1.0001666361   
End of LE case
ppl is 0.046705
mkrFreq =0  model nafreq= 1 
i=0 Dprime=0.000000 theta=0.002346 
Starting DCUHRE with dim=4
Checking variables
Checking variables is done successfully
Calling dadhre
Initializing generators, weights...
Apply DRLHRE over the whole region
PEDIGREE: 1 (1/11)
PEDIGREE: 2 (2/11)
PEDIGREE: 3 (3/11)
PEDIGREE: 4 (4/11)
PEDIGREE: 5 (5/11)
PEDIGREE: 6 (6/11)
PEDIGREE: 7 (7/11)
PEDIGREE: 8 (8/11)
PEDIGREE: 9 (9/11)
PEDIGREE: 10 (10/11)
PEDIGREE: 11 (11/11)
Finished polynomial building: 10.200000
After 0 sub regions result=0.194700983071151412 error=0.021245565042612432
Setting absolute error   0.09530302  diff =0.190606  error = 0.021246
Final result =   0.1947009831  with error =   0.0212455650 and neval = 153
End of DCUHRE with ifail =0
tp result 0.002346 0.000000 is  1.1682058984   
i=1 Dprime=0.000000 theta=0.011538 
Starting DCUHRE with dim=4
Checking variables
Checking variables is done successfully
Calling dadhre
Initializing generators, weights...
Apply DRLHRE over the whole region
After 0 sub regions result=0.194132897655521941 error=0.020805659738035012
Setting absolute error   0.09529768  diff =0.190595  error = 0.020806
Final result =   0.1941328977  with error =   0.0208056597 and neval = 153
End of DCUHRE with ifail =0
tp result 0.011538 0.000000 is  1.1647973859   
i=2 Dprime=0.000000 theta=0.025000 
Starting DCUHRE with dim=4
Checking variables
Checking variables is done successfully
Calling dadhre
Initializing generators, weights...
Apply DRLHRE over the whole region
After 0 sub regions result=0.193248652529697362 error=0.020104501157397647
Setting absolute error   0.09528951  diff =0.190579  error = 0.020105
Final result =   0.1932486525  with error =   0.0201045012 and neval = 153
End of DCUHRE with ifail =0
tp result 0.025000 0.000000 is  1.1594919152   
i=3 Dprime=0.000000 theta=0.038462 
Starting DCUHRE with dim=4
Checking variables
Checking variables is done successfully
Calling dadhre
Initializing generators, weights...
Apply DRLHRE over the whole region
After 0 sub regions result=0.192312219851426713 error=0.019347204630935620
Setting absolute error   0.09528101  diff =0.190562  error = 0.019347
Final result =   0.1923122199  with error =   0.0193472046 and neval = 153
End of DCUHRE with ifail =0
tp result 0.038462 0.000000 is  1.1538733191   
i=4 Dprime=0.000000 theta=0.047654 
Starting DCUHRE with dim=4
Checking variables
Checking variables is done successfully
Calling dadhre
Initializing generators, weights...
Apply DRLHRE over the whole region
After 0 sub regions result=0.191648109012213158 error=0.018803934563323521
Setting absolute error   0.09527509  diff =0.190550  error = 0.018804
Final result =   0.1916481090  with error =   0.0188039346 and neval = 153
End of DCUHRE with ifail =0
tp result 0.047654 0.000000 is  1.1498886541   
i=5 Dprime=0.000000 theta=0.071110 
Starting DCUHRE with dim=4
Checking variables
Checking variables is done successfully
Calling dadhre
Initializing generators, weights...
Apply DRLHRE over the whole region
After 0 sub regions result=0.189885746400639099 error=0.017347504850123041
Setting absolute error   0.09525983  diff =0.190520  error = 0.017348
Final result =   0.1898857464  with error =   0.0173475049 and neval = 153
End of DCUHRE with ifail =0
tp result 0.071110 0.000000 is  1.1393144784   
i=6 Dprime=0.000000 theta=0.153844 
Starting DCUHRE with dim=4
Checking variables
Checking variables is done successfully
Calling dadhre
Initializing generators, weights...
Apply DRLHRE over the whole region
After 0 sub regions result=0.183408703961216890 error=0.011979264812506456
Setting absolute error   0.09520958  diff =0.190419  error = 0.011979
Final result =   0.1834087040  with error =   0.0119792648 and neval = 153
End of DCUHRE with ifail =0
tp result 0.153844 0.000000 is  1.1004522238   
i=7 Dprime=0.000000 theta=0.275000 
Starting DCUHRE with dim=4
Checking variables
Checking variables is done successfully
Calling dadhre
Initializing generators, weights...
Apply DRLHRE over the whole region
After 0 sub regions result=0.175009140119768758 error=0.005366912899962300
Setting absolute error   0.09516015  diff =0.190320  error = 0.005367
Final result =   0.1750091401  with error =   0.0053669129 and neval = 153
End of DCUHRE with ifail =0
tp result 0.275000 0.000000 is  1.0500548407   
i=8 Dprime=0.000000 theta=0.396156 
Starting DCUHRE with dim=4
Checking variables
Checking variables is done successfully
Calling dadhre
Initializing generators, weights...
Apply DRLHRE over the whole region
After 0 sub regions result=0.169256685330625684 error=0.001387748783664378
Setting absolute error   0.09513844  diff =0.190277  error = 0.001388
Final result =   0.1692566853  with error =   0.0013877488 and neval = 153
End of DCUHRE with ifail =0
tp result 0.396156 0.000000 is  1.0155401120   
i=9 Dprime=0.000000 theta=0.478890 
Starting DCUHRE with dim=4
Checking variables
Checking variables is done successfully
Calling dadhre
Initializing generators, weights...
Apply DRLHRE over the whole region
After 0 sub regions result=0.167020226801559313 error=0.000146354680086363
Setting absolute error   0.09513307  diff =0.190266  error = 0.000146
Final result =   0.1670202268  with error =   0.0001463547 and neval = 153
End of DCUHRE with ifail =0
tp result 0.478890 0.000000 is  1.0021213608   
End of LE case
ppl is 0.067642
mkrFreq =0  model nafreq= 1 
i=0 Dprime=0.000000 theta=0.002346 
Starting DCUHRE with dim=4
Checking variables
Checking variables is done successfully
Calling dadhre
Initializing generators, weights...
Apply DRLHRE over the whole region
PEDIGREE: 1 (1/11)
PEDIGREE: 2 (2/11)
PEDIGREE: 3 (3/11)
PEDIGREE: 4 (4/11)
PEDIGREE: 5 (5/11)
PEDIGREE: 6 (6/11)
PEDIGREE: 7 (7/11)
PEDIGREE: 8 (8/11)
PEDIGREE: 9 (9/11)
PEDIGREE: 10 (10/11)
PEDIGREE: 11 (11/11)
Finished polynomial building: 13.020000
After 0 sub regions result=0.223238813912034539 error=0.022912821686724101
Setting absolute error   0.09563593  diff =0.191272  error = 0.022913
Final result =   0.2232388139  with error =   0.0229128217 and neval = 153
End of DCUHRE with ifail =0
tp result 0.002346 0.000000 is  1.3394328835   
i=1 Dprime=0.000000 theta=0.011538 
Starting DCUHRE with dim=4
Checking variables
Checking variables is done successfully
Calling dadhre
Initializing generators, weights...
Apply DRLHRE over the whole region
After 0 sub regions result=0.220153591582343322 error=0.021645652547059691
Setting absolute error   0.09559482  diff =0.191190  error = 0.021646
Final result =   0.2201535916  with error =   0.0216456525 and neval = 153
End of DCUHRE with ifail =0
tp result 0.011538 0.000000 is  1.3209215495   
i=2 Dprime=0.000000 theta=0.025000 
Starting DCUHRE with dim=4
Checking variables
Checking variables is done successfully
Calling dadhre
Initializing generators, weights...
Apply DRLHRE over the whole region
After 0 sub regions result=0.215861202245687667 error=0.019924845122245207
Setting absolute error   0.09553940  diff =0.191079  error = 0.019925
Final result =   0.2158612022  with error =   0.0199248451 and neval = 153
End of DCUHRE with ifail =0
tp result 0.025000 0.000000 is  1.2951672135   
i=3 Dprime=0.000000 theta=0.038462 
Starting DCUHRE with dim=4
Checking variables
Checking variables is done successfully
Calling dadhre
Initializing generators, weights...
Apply DRLHRE over the whole region
After 0 sub regions result=0.211817273586993704 error=0.018340377413966078
Setting absolute error   0.09548922  diff =0.190978  error = 0.018340
Final result =   0.2118172736  with error =   0.0183403774 and neval = 153
End of DCUHRE with ifail =0
tp result 0.038462 0.000000 is  1.2709036415   
i=4 Dprime=0.000000 theta=0.047654 
Starting DCUHRE with dim=4
Checking variables
Checking variables is done successfully
Calling dadhre
Initializing generators, weights...
Apply DRLHRE over the whole region
After 0 sub regions result=0.209188559320188261 error=0.017325083622309563
Setting absolute error   0.09545775  diff =0.190916  error = 0.017325
Final result =   0.2091885593  with error =   0.0173250836 and neval = 153
End of DCUHRE with ifail =0
tp result 0.047654 0.000000 is  1.2551313559   
i=5 Dprime=0.000000 theta=0.071110 
Starting DCUHRE with dim=4
Checking variables
Checking variables is done successfully
Calling dadhre
Initializing generators, weights...
Apply DRLHRE over the whole region
After 0 sub regions result=0.202930526860435945 error=0.014936818536204124
Setting absolute error   0.09538677  diff =0.190774  error = 0.014937
Final result =   0.2029305269  with error =   0.0149368185 and neval = 153
End of DCUHRE with ifail =0
tp result 0.071110 0.000000 is  1.2175831612   
i=6 Dprime=0.000000 theta=0.153844 
Starting DCUHRE with dim=4
Checking variables
Checking variables is done successfully
Calling dadhre
Initializing generators, weights...
Apply DRLHRE over the whole region
After 0 sub regions result=0.185239063618119093 error=0.008124348677288219
Setting absolute error   0.09522280  diff =0.190446  error = 0.008124
Final result =   0.1852390636  with error =   0.0081243487 and neval = 153
End of DCUHRE with ifail =0
tp result 0.153844 0.000000 is  1.1114343817   
i=7 Dprime=0.000000 theta=0.275000 
Starting DCUHRE with dim=4
Checking variables
Checking variables is done successfully
Calling dadhre
Initializing generators, weights...
Apply DRLHRE over the whole region
After 0 sub regions result=0.169418467807543549 error=0.001477638711158891
Setting absolute error   0.09513890  diff =0.190278  error = 0.001478
Final result =   0.1694184678  with error =   0.0014776387 and neval = 153
End of DCUHRE with ifail =0
tp result 0.275000 0.000000 is  1.0165108068   
i=8 Dprime=0.000000 theta=0.396156 
Starting DCUHRE with dim=4
Checking variables
Checking variables is done successfully
Calling dadhre
Initializing generators, weights...
Apply DRLHRE over the whole region
After 0 sub regions result=0.163786815000346919 error=0.001252532705962784
Setting absolute error   0.09512867  diff =0.190257  error = 0.001253
Final result =   0.1637868150  with error =   0.0012525327 and neval = 153
End of DCUHRE with ifail =0
tp result 0.396156 0.000000 is  0.9827208900   
i=9 Dprime=0.000000 theta=0.478890 
Starting DCUHRE with dim=4
Checking variables
Checking variables is done successfully
Calling dadhre
Initializing generators, weights...
Apply DRLHRE over the whole region
After 0 sub regions result=0.165474615254436130 error=0.000573858824921590
Setting absolute error   0.09513046  diff =0.190261  error = 0.000574
Final result =   0.1654746153  with error =   0.0005738588 and neval = 153
End of DCUHRE with ifail =0
tp result 0.478890 0.000000 is  0.9928476915   
End of LE case
ppl is 0.089875
mkrFreq =0  model nafreq= 1 
i=0 Dprime=0.000000 theta=0.002346 
Starting DCUHRE with dim=4
Checking variables
Checking variables is done successfully
Calling dadhre
Initializing generators, weights...
Apply DRLHRE over the whole region
PEDIGREE: 1 (1/11)
PEDIGREE: 2 (2/11)
PEDIGREE: 3 (3/11)
PEDIGREE: 4 (4/11)
PEDIGREE: 5 (5/11)
PEDIGREE: 6 (6/11)
PEDIGREE: 7 (7/11)
PEDIGREE: 8 (8/11)
PEDIGREE: 9 (9/11)
PEDIGREE: 10 (10/11)
PEDIGREE: 11 (11/11)
Finished polynomial building: 15.840000
After 0 sub regions result=0.181565010332926824 error=0.012543231272281906
Setting absolute error   0.09519711  diff =0.190394  error = 0.012543
Final result =   0.1815650103  with error =   0.0125432313 and neval = 153
End of DCUHRE with ifail =0
tp result 0.002346 0.000000 is  1.0893900620   
i=1 Dprime=0.000000 theta=0.011538 
Starting DCUHRE with dim=4
Checking variables
Checking variables is done successfully
Calling dadhre
Initializing generators, weights...
Apply DRLHRE over the whole region
After 0 sub regions result=0.180970890243560556 error=0.012291883761439332
Setting absolute error   0.09519327  diff =0.190387  error = 0.012292
Final result =   0.1809708902  with error =   0.0122918838 and neval = 153
End of DCUHRE with ifail =0
tp result 0.011538 0.000000 is  1.0858253415   
i=2 Dprime=0.000000 theta=0.025000 
Starting DCUHRE with dim=4
Checking variables
Checking variables is done successfully
Calling dadhre
Initializing generators, weights...
Apply DRLHRE over the whole region
After 0 sub regions result=0.180057575271630077 error=0.011869105801432023
Setting absolute error   0.09518756  diff =0.190375  error = 0.011869
Final result =   0.1800575753  with error =   0.0118691058 and neval = 153
End of DCUHRE with ifail =0
tp result 0.025000 0.000000 is  1.0803454516   
i=3 Dprime=0.000000 theta=0.038462 
Starting DCUHRE with dim=4
Checking variables
Checking variables is done successfully
Calling dadhre
Initializing generators, weights...
Apply DRLHRE over the whole region
After 0 sub regions result=0.179105210711744428 error=0.011388759268244536
Setting absolute error   0.09518184  diff =0.190364  error = 0.011389
Final result =   0.1791052107  with error =   0.0113887593 and neval = 153
End of DCUHRE with ifail =0
tp result 0.038462 0.000000 is  1.0746312643   
i=4 Dprime=0.000000 theta=0.047654 
Starting DCUHRE with dim=4
Checking variables
Checking variables is done successfully
Calling dadhre
Initializing generators, weights...
Apply DRLHRE over the whole region
After 0 sub regions result=0.178439088610987090 error=0.011032400759462040
Setting absolute error   0.09517798  diff =0.190356  error = 0.011032
Final result =   0.1784390886  with error =   0.0110324008 and neval = 153
End of DCUHRE with ifail =0
tp result 0.047654 0.000000 is  1.0706345317   
i=5 Dprime=0.000000 theta=0.071110 
Starting DCUHRE with dim=4
Checking variables
Checking variables is done successfully
Calling dadhre
Initializing generators, weights...
Apply DRLHRE over the whole region
After 0 sub regions result=0.176709592213346423 error=0.010041991139029816
Setting absolute error   0.09516856  diff =0.190337  error = 0.010042
Final result =   0.1767095922  with error =   0.0100419911 and neval = 153
End of DCUHRE with ifail =0
tp result 0.071110 0.000000 is  1.0602575533   
i=6 Dprime=0.000000 theta=0.153844 
Starting DCUHRE with dim=4
Checking variables
Checking variables is done successfully
Calling dadhre
Initializing generators, weights...
Apply DRLHRE over the whole region
After 0 sub regions result=0.170873389137985998 error=0.006196617882837895
Setting absolute error   0.09514343  diff =0.190287  error = 0.006197
Final result =   0.1708733891  with error =   0.0061966179 and neval = 153
End of DCUHRE with ifail =0
tp result 0.153844 0.000000 is  1.0252403348   
i=7 Dprime=0.000000 theta=0.275000 
Starting DCUHRE with dim=4
Checking variables
Checking variables is done successfully
Calling dadhre
Initializing generators, weights...
Apply DRLHRE over the whole region
After 0 sub regions result=0.164957793927467927 error=0.001542205085662533
Setting absolute error   0.09512979  diff =0.190260  error = 0.001542
Final result =   0.1649577939  with error =   0.0015422051 and neval = 153
End of DCUHRE with ifail =0
tp result 0.275000 0.000000 is  0.9897467636   
i=8 Dprime=0.000000 theta=0.396156 
Starting DCUHRE with dim=4
Checking variables
Checking variables is done successfully
Calling dadhre
Initializing generators, weights...
Apply DRLHRE over the whole region
After 0 sub regions result=0.163556724296330142 error=0.000796706177507435
Setting absolute error   0.09512851  diff =0.190257  error = 0.000797
Final result =   0.1635567243  with error =   0.0007967062 and neval = 153
End of DCUHRE with ifail =0
tp result 0.396156 0.000000 is  0.9813403458   
i=9 Dprime=0.000000 theta=0.478890 
Starting DCUHRE with dim=4
Checking variables
Checking variables is done successfully
Calling dadhre
Initializing generators, weights...
Apply DRLHRE over the whole region
After 0 sub regions result=0.165675780788741345 error=0.000372162594170726
Setting absolute error   0.09513074  diff =0.190261  error = 0.000372
Final result =   0.1656757808  with error =   0.0003721626 and neval = 153
End of DCUHRE with ifail =0
tp result 0.478890 0.000000 is  0.9940546847   
End of LE case
ppl is 0.107716
mkrFreq =0  model nafreq= 1 
i=0 Dprime=0.000000 theta=0.002346 
Starting DCUHRE with dim=4
Checking variables
Checking variables is done successfully
Calling dadhre
Initializing generators, weights...
Apply DRLHRE over the whole region
PEDIGREE: 1 (1/11)
PEDIGREE: 2 (2/11)
PEDIGREE: 3 (3/11)
PEDIGREE: 4 (4/11)
PEDIGREE: 5 (5/11)
PEDIGREE: 6 (6/11)
PEDIGREE: 7 (7/11)
PEDIGREE: 8 (8/11)
PEDIGREE: 9 (9/11)
PEDIGREE: 10 (10/11)
PEDIGREE: 11 (11/11)
Finished polynomial building: 18.790000
After 0 sub regions result=0.188689295832117021 error=0.001154594748869503
Setting absolute error   0.09524984  diff =0.190500  error = 0.001155
Final result =   0.1886892958  with error =   0.0011545947 and neval = 153
End of DCUHRE with ifail =0
tp result 0.002346 0.000000 is  1.1321357750   
i=1 Dprime=0.000000 theta=0.011538 
Starting DCUHRE with dim=4
Checking variables
Checking variables is done successfully
Calling dadhre
Initializing generators, weights...
Apply DRLHRE over the whole region
After 0 sub regions result=0.188382921443123630 error=0.000876179610605025
Setting absolute error   0.09524733  diff =0.190495  error = 0.000876
Final result =   0.1883829214  with error =   0.0008761796 and neval = 153
End of DCUHRE with ifail =0
tp result 0.011538 0.000000 is  1.1302975287   
i=2 Dprime=0.000000 theta=0.025000 
Starting DCUHRE with dim=4
Checking variables
Checking variables is done successfully
Calling dadhre
Initializing generators, weights...
Apply DRLHRE over the whole region
After 0 sub regions result=0.187883617894545329 error=0.000768057460617662
Setting absolute error   0.09524328  diff =0.190487  error = 0.000768
Final result =   0.1878836179  with error =   0.0007680575 and neval = 153
End of DCUHRE with ifail =0
tp result 0.025000 0.000000 is  1.1273017074   
i=3 Dprime=0.000000 theta=0.038462 
Starting DCUHRE with dim=4
Checking variables
Checking variables is done successfully
Calling dadhre
Initializing generators, weights...
Apply DRLHRE over the whole region
After 0 sub regions result=0.187328032320567772 error=0.000784243323664062
Setting absolute error   0.09523885  diff =0.190478  error = 0.000784
Final result =   0.1873280323  with error =   0.0007842433 and neval = 153
End of DCUHRE with ifail =0
tp result 0.038462 0.000000 is  1.1239681939   
i=4 Dprime=0.000000 theta=0.047654 
Starting DCUHRE with dim=4
Checking variables
Checking variables is done successfully
Calling dadhre
Initializing generators, weights...
Apply DRLHRE over the whole region
After 0 sub regions result=0.186918873230627336 error=0.000784540021465865
Setting absolute error   0.09523563  diff =0.190471  error = 0.000785
Final result =   0.1869188732  with error =   0.0007845400 and neval = 153
End of DCUHRE with ifail =0
tp result 0.047654 0.000000 is  1.1215132394   
i=5 Dprime=0.000000 theta=0.071110 
Starting DCUHRE with dim=4
Checking variables
Checking variables is done successfully
Calling dadhre
Initializing generators, weights...
Apply DRLHRE over the whole region
After 0 sub regions result=0.185778875845933139 error=0.000755047415268599
Setting absolute error   0.09522685  diff =0.190454  error = 0.000755
Final result =   0.1857788758  with error =   0.0007550474 and neval = 153
End of DCUHRE with ifail =0
tp result 0.071110 0.000000 is  1.1146732551   
i=6 Dprime=0.000000 theta=0.153844 
Starting DCUHRE with dim=4
Checking variables
Checking variables is done successfully
Calling dadhre
Initializing generators, weights...
Apply DRLHRE over the whole region
After 0 sub regions result=0.181059307925683616 error=0.001535725413703192
Setting absolute error   0.09519384  diff =0.190388  error = 0.001536
Final result =   0.1810593079  with error =   0.0015357254 and neval = 153
End of DCUHRE with ifail =0
tp result 0.153844 0.000000 is  1.0863558476   
i=7 Dprime=0.000000 theta=0.275000 
Starting DCUHRE with dim=4
Checking variables
Checking variables is done successfully
Calling dadhre
Initializing generators, weights...
Apply DRLHRE over the whole region
After 0 sub regions result=0.174117328659870951 error=0.001340703137893645
Setting absolute error   0.09515608  diff =0.190312  error = 0.001341
Final result =   0.1741173287  with error =   0.0013407031 and neval = 153
End of DCUHRE with ifail =0
tp result 0.275000 0.000000 is  1.0447039720   
i=8 Dprime=0.000000 theta=0.396156 
Starting DCUHRE with dim=4
Checking variables
Checking variables is done successfully
Calling dadhre
Initializing generators, weights...
Apply DRLHRE over the whole region
After 0 sub regions result=0.169104370740102400 error=0.000001082049783705
Setting absolute error   0.09513802  diff =0.190276  error = 0.000001
Final result =   0.1691043707  with error =   0.0000010820 and neval = 153
End of DCUHRE with ifail =0
tp result 0.396156 0.000000 is  1.0146262244   
i=9 Dprime=0.000000 theta=0.478890 
Starting DCUHRE with dim=4
Checking variables
Checking variables is done successfully
Calling dadhre
Initializing generators, weights...
Apply DRLHRE over the whole region
After 0 sub regions result=0.167044812886010141 error=0.000134681263405549
Setting absolute error   0.09513312  diff =0.190266  error = 0.000135
Final result =   0.1670448129  with error =   0.0001346813 and neval = 153
End of DCUHRE with ifail =0
tp result 0.478890 0.000000 is  1.0022688773   
End of LE case
ppl is 0.125601
mkrFreq =0  model nafreq= 1 
i=0 Dprime=0.000000 theta=0.002346 
Starting DCUHRE with dim=4
Checking variables
Checking variables is done successfully
Calling dadhre
Initializing generators, weights...
Apply DRLHRE over the whole region
PEDIGREE: 1 (1/11)
PEDIGREE: 2 (2/11)
PEDIGREE: 3 (3/11)
PEDIGREE: 4 (4/11)
PEDIGREE: 5 (5/11)
PEDIGREE: 6 (6/11)
PEDIGREE: 7 (7/11)
PEDIGREE: 8 (8/11)
PEDIGREE: 9 (9/11)
PEDIGREE: 10 (10/11)
PEDIGREE: 11 (11/11)
Finished polynomial building: 21.700000
After 0 sub regions result=0.158655426482059714 error=0.006064066196808784
Setting absolute error   0.09513066  diff =0.190261  error = 0.006064
Final result =   0.1586554265  with error =   0.0060640662 and neval = 153
End of DCUHRE with ifail =0
tp result 0.002346 0.000000 is  0.9519325589   
i=1 Dprime=0.000000 theta=0.011538 
Starting DCUHRE with dim=4
Checking variables
Checking variables is done successfully
Calling dadhre
Initializing generators, weights...
Apply DRLHRE over the whole region
After 0 sub regions result=0.158819942002275533 error=0.005808885650408082
Setting absolute error   0.09513041  diff =0.190261  error = 0.005809
Final result =   0.1588199420  with error =   0.0058088857 and neval = 153
End of DCUHRE with ifail =0
tp result 0.011538 0.000000 is  0.9529196520   
i=2 Dprime=0.000000 theta=0.025000 
Starting DCUHRE with dim=4
Checking variables
Checking variables is done successfully
Calling dadhre
Initializing generators, weights...
Apply DRLHRE over the whole region
After 0 sub regions result=0.159045644433154026 error=0.005450923871251826
Setting absolute error   0.09513009  diff =0.190260  error = 0.005451
Final result =   0.1590456444  with error =   0.0054509239 and neval = 153
End of DCUHRE with ifail =0
tp result 0.025000 0.000000 is  0.9542738666   
i=3 Dprime=0.000000 theta=0.038462 
Starting DCUHRE with dim=4
Checking variables
Checking variables is done successfully
Calling dadhre
Initializing generators, weights...
Apply DRLHRE over the whole region
After 0 sub regions result=0.159254194792308318 error=0.005111786494981035
Setting absolute error   0.09512982  diff =0.190260  error = 0.005112
Final result =   0.1592541948  with error =   0.0051117865 and neval = 153
End of DCUHRE with ifail =0
tp result 0.038462 0.000000 is  0.9555251688   
i=4 Dprime=0.000000 theta=0.047654 
Starting DCUHRE with dim=4
Checking variables
Checking variables is done successfully
Calling dadhre
Initializing generators, weights...
Apply DRLHRE over the whole region
After 0 sub regions result=0.159387318584157528 error=0.004891035307428853
Setting absolute error   0.09512965  diff =0.190259  error = 0.004891
Final result =   0.1593873186  with error =   0.0048910353 and neval = 153
End of DCUHRE with ifail =0
tp result 0.047654 0.000000 is  0.9563239115   
i=5 Dprime=0.000000 theta=0.071110 
Starting DCUHRE with dim=4
Checking variables
Checking variables is done successfully
Calling dadhre
Initializing generators, weights...
Apply DRLHRE over the whole region
After 0 sub regions result=0.159695669013584007 error=0.004367395789292753
Setting absolute error   0.09512930  diff =0.190259  error = 0.004367
Final result =   0.1596956690  with error =   0.0043673958 and neval = 153
End of DCUHRE with ifail =0
tp result 0.071110 0.000000 is  0.9581740141   
i=6 Dprime=0.000000 theta=0.153844 
Starting DCUHRE with dim=4
Checking variables
Checking variables is done successfully
Calling dadhre
Initializing generators, weights...
Apply DRLHRE over the whole region
After 0 sub regions result=0.160516659805793466 error=0.002947809937134583
Setting absolute error   0.09512858  diff =0.190257  error = 0.002948
Final result =   0.1605166598  with error =   0.0029478099 and neval = 153
End of DCUHRE with ifail =0
tp result 0.153844 0.000000 is  0.9630999588   
i=7 Dprime=0.000000 theta=0.275000 
Starting DCUHRE with dim=4
Checking variables
Checking variables is done successfully
Calling dadhre
Initializing generators, weights...
Apply DRLHRE over the whole region
After 0 sub regions result=0.161545026279090592 error=0.001788594506929687
Setting absolute error   0.09512811  diff =0.190256  error = 0.001789
Final result =   0.1615450263  with error =   0.0017885945 and neval = 153
End of DCUHRE with ifail =0
tp result 0.275000 0.000000 is  0.9692701577   
i=8 Dprime=0.000000 theta=0.396156 
Starting DCUHRE with dim=4
Checking variables
Checking variables is done successfully
Calling dadhre
Initializing generators, weights...
Apply DRLHRE over the whole region
After 0 sub regions result=0.163429736492114674 error=0.001052618997701707
Setting absolute error   0.09512844  diff =0.190257  error = 0.001053
Final result =   0.1634297365  with error =   0.0010526190 and neval = 153
End of DCUHRE with ifail =0
tp result 0.396156 0.000000 is  0.9805784190   
i=9 Dprime=0.000000 theta=0.478890 
Starting DCUHRE with dim=4
Checking variables
Checking variables is done successfully
Calling dadhre
Initializing generators, weights...
Apply DRLHRE over the whole region
After 0 sub regions result=0.165847853320566230 error=0.000282741026143105
Setting absolute error   0.09513100  diff =0.190262  error = 0.000283
Final result =   0.1658478533  with error =   0.0002827410 and neval = 153
End of DCUHRE with ifail =0
tp result 0.478890 0.000000 is  0.9950871199   
End of LE case
ppl is 0.140255
mkrFreq =0  model nafreq= 1 
i=0 Dprime=0.000000 theta=0.002346 
Starting DCUHRE with dim=4
Checking variables
Checking variables is done successfully
Calling dadhre
Initializing generators, weights...
Apply DRLHRE over the whole region
PEDIGREE: 1 (1/11)
PEDIGREE: 2 (2/11)
PEDIGREE: 3 (3/11)
PEDIGREE: 4 (4/11)
PEDIGREE: 5 (5/11)
PEDIGREE: 6 (6/11)
PEDIGREE: 7 (7/11)
PEDIGREE: 8 (8/11)
PEDIGREE: 9 (9/11)
PEDIGREE: 10 (10/11)
PEDIGREE: 11 (11/11)
Finished polynomial building: 24.750000
After 0 sub regions result=0.156955152143656490 error=0.011091421467655785
Setting absolute error   0.09513399  diff =0.190268  error = 0.011091
Final result =   0.1569551521  with error =   0.0110914215 and neval = 153
End of DCUHRE with ifail =0
tp result 0.002346 0.000000 is  0.9417309129   
i=1 Dprime=0.000000 theta=0.011538 
Starting DCUHRE with dim=4
Checking variables
Checking variables is done successfully
Calling dadhre
Initializing generators, weights...
Apply DRLHRE over the whole region
After 0 sub regions result=0.157457952970431914 error=0.010636219961611029
Setting absolute error   0.09513286  diff =0.190266  error = 0.010636
Final result =   0.1574579530  with error =   0.0106362200 and neval = 153
End of DCUHRE with ifail =0
tp result 0.011538 0.000000 is  0.9447477178   
i=2 Dprime=0.000000 theta=0.025000 
Starting DCUHRE with dim=4
Checking variables
Checking variables is done successfully
Calling dadhre
Initializing generators, weights...
Apply DRLHRE over the whole region
After 0 sub regions result=0.158161278094503005 error=0.009989201222707111
Setting absolute error   0.09513148  diff =0.190263  error = 0.009989
Final result =   0.1581612781  with error =   0.0099892012 and neval = 153
End of DCUHRE with ifail =0
tp result 0.025000 0.000000 is  0.9489676686   
i=3 Dprime=0.000000 theta=0.038462 
Starting DCUHRE with dim=4
Checking variables
Checking variables is done successfully
Calling dadhre
Initializing generators, weights...
Apply DRLHRE over the whole region
After 0 sub regions result=0.158826382686683087 error=0.009365409095217818
Setting absolute error   0.09513040  diff =0.190261  error = 0.009365
Final result =   0.1588263827  with error =   0.0093654091 and neval = 153
End of DCUHRE with ifail =0
tp result 0.038462 0.000000 is  0.9529582961   
i=4 Dprime=0.000000 theta=0.047654 
Starting DCUHRE with dim=4
Checking variables
Checking variables is done successfully
Calling dadhre
Initializing generators, weights...
Apply DRLHRE over the whole region
After 0 sub regions result=0.159259174925459851 error=0.008952738560074558
Setting absolute error   0.09512981  diff =0.190260  error = 0.008953
Final result =   0.1592591749  with error =   0.0089527386 and neval = 153
End of DCUHRE with ifail =0
tp result 0.047654 0.000000 is  0.9555550496   
i=5 Dprime=0.000000 theta=0.071110 
Starting DCUHRE with dim=4
Checking variables
Checking variables is done successfully
Calling dadhre
Initializing generators, weights...
Apply DRLHRE over the whole region
After 0 sub regions result=0.160287494524755020 error=0.007948430532740938
Setting absolute error   0.09512875  diff =0.190258  error = 0.007948
Final result =   0.1602874945  with error =   0.0079484305 and neval = 153
End of DCUHRE with ifail =0
tp result 0.071110 0.000000 is  0.9617249671   
i=6 Dprime=0.000000 theta=0.153844 
Starting DCUHRE with dim=4
Checking variables
Checking variables is done successfully
Calling dadhre
Initializing generators, weights...
Apply DRLHRE over the whole region
After 0 sub regions result=0.163124584177516962 error=0.004948407429008950
Setting absolute error   0.09512828  diff =0.190257  error = 0.004948
Final result =   0.1631245842  with error =   0.0049484074 and neval = 153
End of DCUHRE with ifail =0
tp result 0.153844 0.000000 is  0.9787475051   
i=7 Dprime=0.000000 theta=0.275000 
Starting DCUHRE with dim=4
Checking variables
Checking variables is done successfully
Calling dadhre
Initializing generators, weights...
Apply DRLHRE over the whole region
After 0 sub regions result=0.165505556694618167 error=0.001959127307663078
Setting absolute error   0.09513050  diff =0.190261  error = 0.001959
Final result =   0.1655055567  with error =   0.0019591273 and neval = 153
End of DCUHRE with ifail =0
tp result 0.275000 0.000000 is  0.9930333402   
i=8 Dprime=0.000000 theta=0.396156 
Starting DCUHRE with dim=4
Checking variables
Checking variables is done successfully
Calling dadhre
Initializing generators, weights...
Apply DRLHRE over the whole region
After 0 sub regions result=0.166477561067121305 error=0.000394924492111685
Setting absolute error   0.09513205  diff =0.190264  error = 0.000395
Final result =   0.1664775611  with error =   0.0003949245 and neval = 153
End of DCUHRE with ifail =0
tp result 0.396156 0.000000 is  0.9988653664   
i=9 Dprime=0.000000 theta=0.478890 
Starting DCUHRE with dim=4
Checking variables
Checking variables is done successfully
Calling dadhre
Initializing generators, weights...
Apply DRLHRE over the whole region
After 0 sub regions result=0.166660159957085524 error=0.000015871604323692
Setting absolute error   0.09513238  diff =0.190265  error = 0.000016
Final result =   0.1666601600  with error =   0.0000158716 and neval = 153
End of DCUHRE with ifail =0
tp result 0.478890 0.000000 is  0.9999609597   
End of LE case
ppl is 0.154362
mkrFreq =0  model nafreq= 1 
i=0 Dprime=0.000000 theta=0.002346 
Starting DCUHRE with dim=4
Checking variables
Checking variables is done successfully
Calling dadhre
Initializing generators, weights...
Apply DRLHRE over the whole region
PEDIGREE: 1 (1/11)
PEDIGREE: 2 (2/11)
PEDIGREE: 3 (3/11)
PEDIGREE: 4 (4/11)
PEDIGREE: 5 (5/11)
PEDIGREE: 6 (6/11)
PEDIGREE: 7 (7/11)
PEDIGREE: 8 (8/11)
PEDIGREE: 9 (9/11)
PEDIGREE: 10 (10/11)
PEDIGREE: 11 (11/11)
Finished polynomial building: 27.470000
After 0 sub regions result=0.243853484199583165 error=0.000029907029278457
Setting absolute error   0.09593364  diff =0.191867  error = 0.000030
Final result =   0.2438534842  with error =   0.0000299070 and neval = 153
End of DCUHRE with ifail =0
tp result 0.002346 0.000000 is  1.4631209052   
i=1 Dprime=0.000000 theta=0.011538 
Starting DCUHRE with dim=4
Checking variables
Checking variables is done successfully
Calling dadhre
Initializing generators, weights...
Apply DRLHRE over the whole region
After 0 sub regions result=0.241644304441564872 error=0.000053068909252183
Setting absolute error   0.09590006  diff =0.191800  error = 0.000053
Final result =   0.2416443044  with error =   0.0000530689 and neval = 153
End of DCUHRE with ifail =0
tp result 0.011538 0.000000 is  1.4498658266   
i=2 Dprime=0.000000 theta=0.025000 
Starting DCUHRE with dim=4
Checking variables
Checking variables is done successfully
Calling dadhre
Initializing generators, weights...
Apply DRLHRE over the whole region
After 0 sub regions result=0.238365542969922711 error=0.037727227080802582
Setting absolute error   0.09585089  diff =0.191702  error = 0.037727
Final result =   0.2383655430  with error =   0.0377272271 and neval = 153
End of DCUHRE with ifail =0
tp result 0.025000 0.000000 is  1.4301932578   
i=3 Dprime=0.000000 theta=0.038462 
Starting DCUHRE with dim=4
Checking variables
Checking variables is done successfully
Calling dadhre
Initializing generators, weights...
Apply DRLHRE over the whole region
After 0 sub regions result=0.235045111199049001 error=0.036274263150004003
Setting absolute error   0.09580196  diff =0.191604  error = 0.036274
Final result =   0.2350451112  with error =   0.0362742632 and neval = 153
End of DCUHRE with ifail =0
tp result 0.038462 0.000000 is  1.4102706672   
i=4 Dprime=0.000000 theta=0.047654 
Starting DCUHRE with dim=4
Checking variables
Checking variables is done successfully
Calling dadhre
Initializing generators, weights...
Apply DRLHRE over the whole region
After 0 sub regions result=0.232761111478995059 error=0.035229494032244506
Setting absolute error   0.09576885  diff =0.191538  error = 0.035229
Final result =   0.2327611115  with error =   0.0352294940 and neval = 153
End of DCUHRE with ifail =0
tp result 0.047654 0.000000 is  1.3965666689   
i=5 Dprime=0.000000 theta=0.071110 
Starting DCUHRE with dim=4
Checking variables
Checking variables is done successfully
Calling dadhre
Initializing generators, weights...
Apply DRLHRE over the whole region
After 0 sub regions result=0.226912574117798471 error=0.032408286734603844
Setting absolute error   0.09568617  diff =0.191372  error = 0.032408
Final result =   0.2269125741  with error =   0.0324082867 and neval = 153
End of DCUHRE with ifail =0
tp result 0.071110 0.000000 is  1.3614754447   
i=6 Dprime=0.000000 theta=0.153844 
Starting DCUHRE with dim=4
Checking variables
Checking variables is done successfully
Calling dadhre
Initializing generators, weights...
Apply DRLHRE over the whole region
After 0 sub regions result=0.207170099186949674 error=0.021830307331902998
Setting absolute error   0.09543423  diff =0.190868  error = 0.021830
Final result =   0.2071700992  with error =   0.0218303073 and neval = 153
End of DCUHRE with ifail =0
tp result 0.153844 0.000000 is  1.2430205951   
i=7 Dprime=0.000000 theta=0.275000 
Starting DCUHRE with dim=4
Checking variables
Checking variables is done successfully
Calling dadhre
Initializing generators, weights...
Apply DRLHRE over the whole region
After 0 sub regions result=0.184822234210779146 error=0.009073420377886533
Setting absolute error   0.09521972  diff =0.190439  error = 0.009073
Final result =   0.1848222342  with error =   0.0090734204 and neval = 153
End of DCUHRE with ifail =0
tp result 0.275000 0.000000 is  1.1089334053   
i=8 Dprime=0.000000 theta=0.396156 
Starting DCUHRE with dim=4
Checking variables
Checking variables is done successfully
Calling dadhre
Initializing generators, weights...
Apply DRLHRE over the whole region
After 0 sub regions result=0.171880148314993986 error=0.002087363328337601
Setting absolute error   0.09514699  diff =0.190294  error = 0.002087
Final result =   0.1718801483  with error =   0.0020873633 and neval = 153
End of DCUHRE with ifail =0
tp result 0.396156 0.000000 is  1.0312808899   
i=9 Dprime=0.000000 theta=0.478890 
Starting DCUHRE with dim=4
Checking variables
Checking variables is done successfully
Calling dadhre
Initializing generators, weights...
Apply DRLHRE over the whole region
After 0 sub regions result=0.167396235141650168 error=0.000198363469943548
Setting absolute error   0.09513385  diff =0.190268  error = 0.000198
Final result =   0.1673962351  with error =   0.0001983635 and neval = 153
End of DCUHRE with ifail =0
tp result 0.478890 0.000000 is  1.0043774108   
End of LE case
ppl is 0.174528
Computation time:  0.000000s  26.520000s 
Computation time:  0.000000s  26.520000s 
PID: 2489, stopwatch overall(1) e:29s u:27.231860s s:0.826874s, vx:0, ivx:5573, sf:123830, hf:0
PID: 2489, finished run
