PID: 7474, kelvin V0.34.0.1, likelihood V0.32.4, locus V0.32.4, polynomial V0.34.0($Id: polynomial.c 280 2008-03-28 16:41:29Z whv001 $) starting run
To force a dump of stats, type CTRL-\ or type "kill -3 7474".
 total            23616K
polynomialScale is 1 (1-10, 1 is default)
!!!!!!!!!!!The Computation is done in polynomial mode!!!!!!!!!!!!!!!
Dichotomous Trait & LE
Total number of markers in data: 2
Total number of trait locus in data: 1
Total number of families in pedigree file: 10
Number of loci to use for analysis: 3
Holding all current polynomials (via hashes):
13 constants
5 variables:
3 sums
3 products
---
holdAllPolys from further population of transmission matrix
MP start time: 0.100000
PEDIGREE: 1 (1/10)
PEDIGREE: 3 (2/10)
PEDIGREE: 5 (3/10)
PEDIGREE: 7 (4/10)
PEDIGREE: 9 (5/10)
PEDIGREE: 11 (6/10)
PEDIGREE: 13 (7/10)
PEDIGREE: 15 (8/10)
PEDIGREE: 17 (9/10)
PEDIGREE: 19 (10/10)
Finished polynomial building: 0.560000
MP done trait: 0.740000
PEDIGREE: 1 (1/10)
PEDIGREE: 3 (2/10)
PEDIGREE: 5 (3/10)
PEDIGREE: 7 (4/10)
PEDIGREE: 9 (5/10)
PEDIGREE: 11 (6/10)
PEDIGREE: 13 (7/10)
PEDIGREE: 15 (8/10)
PEDIGREE: 17 (9/10)
PEDIGREE: 19 (10/10)
Finished polynomial building: 1.150000
MP done marker set on pos 0: 1.150000
PEDIGREE: 1 (1/10)
PEDIGREE: 3 (2/10)
PEDIGREE: 5 (3/10)
PEDIGREE: 7 (4/10)
PEDIGREE: 9 (5/10)
PEDIGREE: 11 (6/10)
PEDIGREE: 13 (7/10)
PEDIGREE: 15 (8/10)
PEDIGREE: 17 (9/10)
PEDIGREE: 19 (10/10)
Finished polynomial building: 1.660000
MP done ALT on pos 0: 2.620000
PEDIGREE: 1 (1/10)
PEDIGREE: 3 (2/10)
PEDIGREE: 5 (3/10)
PEDIGREE: 7 (4/10)
PEDIGREE: 9 (5/10)
PEDIGREE: 11 (6/10)
PEDIGREE: 13 (7/10)
PEDIGREE: 15 (8/10)
PEDIGREE: 17 (9/10)
PEDIGREE: 19 (10/10)
Finished polynomial building: 3.110000
MP done ALT on pos 1: 4.140000
PEDIGREE: 1 (1/10)
PEDIGREE: 3 (2/10)
PEDIGREE: 5 (3/10)
PEDIGREE: 7 (4/10)
PEDIGREE: 9 (5/10)
PEDIGREE: 11 (6/10)
PEDIGREE: 13 (7/10)
PEDIGREE: 15 (8/10)
PEDIGREE: 17 (9/10)
PEDIGREE: 19 (10/10)
Finished polynomial building: 4.650000
MP done ALT on pos 2: 5.720000
Computation time:  0.000000s  5.620000s 
Computation time:  0.000000s  5.620000s 
PID: 7474, stopwatch overall(1) e:6s u:5.674137s s:0.062991s, vx:6, ivx:1797, sf:9678, hf:0
PID: 7474, finished run
