!!!!!!!!!!!The Computation is done in polynomial mode!!!!!!!!!!!!!!!
Dichotomous Trait & LE
Total number of markers in data: 6
Total number of trait locus in data: 1
Total number of families in pedigree file: 1
Number of loci to use for analysis: 3
PEDIGREE: 54 (1/1)
PEDIGREE: 54 (1/1)
Computation time:  0.000000s  2523.190000s 
Last 100 values:
3415128
3704968
3994308
4319740
4424456
4534480
4713608
4898228
5102632
5298420
5374392
5374392
5374392
5312132
5314240
5314396
5314476
5314788
5315100
5315492
5315804
5316116
5316588
5316664
5316820
5316980
5317212
5317368
5317444
5317524
5317524
5317600
5317680
5317680
5317756
5317836
5317996
5317996
5317996
5318072
5318072
5318072
5318152
5318228
5318228
5318308
5318384
5318460
5318540
5318616
5318696
5318696
5318696
5318696
5318772
5318772
5318772
5318772
5318772
5318772
5318852
5318852
5318852
5318852
5318852
5318852
5318852
5318852
5318932
5318932
5319792
5321276
5322604
5324244
5325572
5326272
5327052
5329164
5331508
5333068
5334396
5335804
5336976
5338228
5339164
5340260
5341508
5342444
5343696
5345180
5346664
5347524
5348148
5374632
5374632
5374632
5374632
5374632
5374632
5374632
Peak: 5374632
