!!!!!!!!!!!The Computation is done in polynomial mode!!!!!!!!!!!!!!!
Dichotomous Trait & LE
Total number of markers in data: 31
Total number of trait locus in data: 1
Total number of families in pedigree file: 578
Number of loci to use for analysis: 4
MP start time: 4.730000
PEDIGREE: 4001 (1/578)
PEDIGREE: 4002 (2/578)
PEDIGREE: 4003 (3/578)
PEDIGREE: 4004 (4/578)
PEDIGREE: 4005 (5/578)
PEDIGREE: 4006 (6/578)
PEDIGREE: 4007 (7/578)
PEDIGREE: 4008 (8/578)
PEDIGREE: 4009 (9/578)
PEDIGREE: 4010 (10/578)
PEDIGREE: 4011 (11/578)
PEDIGREE: 4012 (12/578)
PEDIGREE: 4013 (13/578)
PEDIGREE: 4014 (14/578)
PEDIGREE: 4015 (15/578)
PEDIGREE: 4016 (16/578)
PEDIGREE: 4017 (17/578)
PEDIGREE: 4018 (18/578)
PEDIGREE: 4019 (19/578)
PEDIGREE: 4020 (20/578)
PEDIGREE: 4021 (21/578)
PEDIGREE: 4022 (22/578)
PEDIGREE: 4023 (23/578)
PEDIGREE: 4024 (24/578)
PEDIGREE: 4025 (25/578)
PEDIGREE: 4026 (26/578)
PEDIGREE: 4027 (27/578)
PEDIGREE: 4028 (28/578)
PEDIGREE: 4029 (29/578)
PEDIGREE: 4030 (30/578)
PEDIGREE: 4031 (31/578)
PEDIGREE: 4032 (32/578)
PEDIGREE: 4033 (33/578)
PEDIGREE: 4034 (34/578)
PEDIGREE: 4035 (35/578)
PEDIGREE: 4036 (36/578)
PEDIGREE: 4037 (37/578)
PEDIGREE: 4038 (38/578)
PEDIGREE: 4039 (39/578)
PEDIGREE: 4040 (40/578)
PEDIGREE: 4041 (41/578)
PEDIGREE: 4042 (42/578)
PEDIGREE: 4043 (43/578)
PEDIGREE: 4044 (44/578)
PEDIGREE: 4045 (45/578)
PEDIGREE: 4046 (46/578)
PEDIGREE: 4047 (47/578)
PEDIGREE: 4048 (48/578)
PEDIGREE: 4049 (49/578)
PEDIGREE: 4050 (50/578)
PEDIGREE: 4051 (51/578)
PEDIGREE: 4052 (52/578)
PEDIGREE: 4053 (53/578)
PEDIGREE: 4054 (54/578)
PEDIGREE: 4055 (55/578)
PEDIGREE: 4056 (56/578)
PEDIGREE: 4057 (57/578)
PEDIGREE: 4058 (58/578)
PEDIGREE: 4059 (59/578)
PEDIGREE: 4060 (60/578)
PEDIGREE: 4061 (61/578)
PEDIGREE: 4062 (62/578)
PEDIGREE: 4063 (63/578)
PEDIGREE: 4064 (64/578)
PEDIGREE: 4065 (65/578)
PEDIGREE: 4066 (66/578)
PEDIGREE: 4067 (67/578)
PEDIGREE: 4068 (68/578)
PEDIGREE: 4069 (69/578)
PEDIGREE: 4070 (70/578)
PEDIGREE: 4071 (71/578)
PEDIGREE: 4072 (72/578)
PEDIGREE: 4073 (73/578)
PEDIGREE: 4074 (74/578)
PEDIGREE: 4075 (75/578)
PEDIGREE: 4076 (76/578)
PEDIGREE: 4077 (77/578)
PEDIGREE: 4078 (78/578)
PEDIGREE: 4079 (79/578)
PEDIGREE: 4080 (80/578)
PEDIGREE: 4081 (81/578)
PEDIGREE: 4082 (82/578)
PEDIGREE: 4083 (83/578)
PEDIGREE: 4084 (84/578)
PEDIGREE: 4085 (85/578)
PEDIGREE: 4086 (86/578)
PEDIGREE: 4087 (87/578)
PEDIGREE: 4088 (88/578)
PEDIGREE: 4089 (89/578)
PEDIGREE: 4090 (90/578)
PEDIGREE: 4091 (91/578)
PEDIGREE: 4092 (92/578)
PEDIGREE: 4093 (93/578)
PEDIGREE: 4094 (94/578)
PEDIGREE: 4095 (95/578)
PEDIGREE: 4096 (96/578)
PEDIGREE: 4097 (97/578)
PEDIGREE: 4098 (98/578)
PEDIGREE: 4099 (99/578)
PEDIGREE: 4100 (100/578)
PEDIGREE: 4101 (101/578)
PEDIGREE: 4102 (102/578)
PEDIGREE: 4103 (103/578)
PEDIGREE: 4104 (104/578)
PEDIGREE: 4105 (105/578)
PEDIGREE: 4106 (106/578)
PEDIGREE: 4107 (107/578)
PEDIGREE: 4108 (108/578)
PEDIGREE: 4109 (109/578)
PEDIGREE: 4110 (110/578)
PEDIGREE: 4111 (111/578)
PEDIGREE: 4112 (112/578)
PEDIGREE: 4113 (113/578)
PEDIGREE: 4114 (114/578)
PEDIGREE: 4115 (115/578)
PEDIGREE: 4116 (116/578)
PEDIGREE: 4117 (117/578)
PEDIGREE: 4118 (118/578)
PEDIGREE: 4119 (119/578)
PEDIGREE: 4120 (120/578)
PEDIGREE: 4121 (121/578)
PEDIGREE: 4122 (122/578)
PEDIGREE: 4123 (123/578)
PEDIGREE: 4124 (124/578)
PEDIGREE: 4125 (125/578)
PEDIGREE: 4126 (126/578)
PEDIGREE: 4127 (127/578)
PEDIGREE: 4128 (128/578)
PEDIGREE: 4129 (129/578)
PEDIGREE: 4130 (130/578)
PEDIGREE: 4131 (131/578)
PEDIGREE: 4132 (132/578)
PEDIGREE: 4133 (133/578)
PEDIGREE: 4134 (134/578)
PEDIGREE: 4135 (135/578)
PEDIGREE: 4136 (136/578)
PEDIGREE: 4137 (137/578)
PEDIGREE: 4138 (138/578)
PEDIGREE: 4139 (139/578)
PEDIGREE: 4140 (140/578)
PEDIGREE: 4141 (141/578)
PEDIGREE: 4142 (142/578)
PEDIGREE: 4143 (143/578)
PEDIGREE: 4144 (144/578)
PEDIGREE: 4145 (145/578)
PEDIGREE: 4146 (146/578)
PEDIGREE: 4147 (147/578)
PEDIGREE: 4148 (148/578)
PEDIGREE: 4149 (149/578)
PEDIGREE: 4150 (150/578)
PEDIGREE: 4151 (151/578)
PEDIGREE: 4152 (152/578)
PEDIGREE: 4153 (153/578)
PEDIGREE: 4154 (154/578)
PEDIGREE: 4155 (155/578)
PEDIGREE: 4156 (156/578)
PEDIGREE: 4157 (157/578)
PEDIGREE: 4158 (158/578)
PEDIGREE: 4159 (159/578)
PEDIGREE: 4160 (160/578)
PEDIGREE: 4161 (161/578)
PEDIGREE: 4162 (162/578)
PEDIGREE: 4163 (163/578)
PEDIGREE: 4164 (164/578)
PEDIGREE: 4165 (165/578)
PEDIGREE: 4166 (166/578)
PEDIGREE: 4167 (167/578)
PEDIGREE: 4168 (168/578)
PEDIGREE: 4169 (169/578)
PEDIGREE: 4170 (170/578)
PEDIGREE: 4171 (171/578)
PEDIGREE: 4172 (172/578)
PEDIGREE: 4173 (173/578)
PEDIGREE: 4174 (174/578)
PEDIGREE: 4175 (175/578)
PEDIGREE: 4176 (176/578)
PEDIGREE: 4177 (177/578)
PEDIGREE: 4178 (178/578)
PEDIGREE: 4179 (179/578)
PEDIGREE: 4180 (180/578)
PEDIGREE: 4181 (181/578)
PEDIGREE: 4182 (182/578)
PEDIGREE: 4183 (183/578)
PEDIGREE: 4184 (184/578)
PEDIGREE: 4185 (185/578)
PEDIGREE: 4186 (186/578)
PEDIGREE: 4187 (187/578)
PEDIGREE: 4188 (188/578)
PEDIGREE: 4189 (189/578)
PEDIGREE: 4190 (190/578)
PEDIGREE: 4191 (191/578)
PEDIGREE: 4192 (192/578)
PEDIGREE: 4193 (193/578)
PEDIGREE: 4194 (194/578)
PEDIGREE: 4195 (195/578)
PEDIGREE: 4196 (196/578)
PEDIGREE: 4197 (197/578)
PEDIGREE: 4198 (198/578)
PEDIGREE: 4199 (199/578)
PEDIGREE: 4200 (200/578)
PEDIGREE: 4201 (201/578)
PEDIGREE: 4202 (202/578)
PEDIGREE: 4203 (203/578)
PEDIGREE: 4204 (204/578)
PEDIGREE: 4205 (205/578)
PEDIGREE: 4206 (206/578)
PEDIGREE: 4207 (207/578)
PEDIGREE: 4208 (208/578)
PEDIGREE: 4209 (209/578)
PEDIGREE: 4210 (210/578)
PEDIGREE: 4211 (211/578)
PEDIGREE: 4212 (212/578)
PEDIGREE: 4213 (213/578)
PEDIGREE: 4214 (214/578)
PEDIGREE: 4215 (215/578)
PEDIGREE: 4216 (216/578)
PEDIGREE: 4217 (217/578)
PEDIGREE: 4218 (218/578)
PEDIGREE: 4219 (219/578)
PEDIGREE: 4220 (220/578)
PEDIGREE: 4221 (221/578)
PEDIGREE: 4222 (222/578)
PEDIGREE: 4223 (223/578)
PEDIGREE: 4224 (224/578)
PEDIGREE: 4225 (225/578)
PEDIGREE: 4226 (226/578)
PEDIGREE: 4227 (227/578)
PEDIGREE: 4228 (228/578)
PEDIGREE: 4229 (229/578)
PEDIGREE: 4230 (230/578)
PEDIGREE: 4231 (231/578)
PEDIGREE: 4232 (232/578)
PEDIGREE: 4233 (233/578)
PEDIGREE: 4234 (234/578)
PEDIGREE: 4235 (235/578)
PEDIGREE: 4236 (236/578)
PEDIGREE: 4237 (237/578)
PEDIGREE: 4238 (238/578)
PEDIGREE: 4239 (239/578)
PEDIGREE: 4240 (240/578)
PEDIGREE: 4241 (241/578)
PEDIGREE: 4242 (242/578)
PEDIGREE: 4243 (243/578)
PEDIGREE: 4244 (244/578)
PEDIGREE: 4245 (245/578)
PEDIGREE: 4246 (246/578)
PEDIGREE: 4247 (247/578)
PEDIGREE: 4248 (248/578)
PEDIGREE: 4249 (249/578)
PEDIGREE: 4250 (250/578)
PEDIGREE: 4251 (251/578)
PEDIGREE: 4252 (252/578)
PEDIGREE: 4253 (253/578)
PEDIGREE: 4254 (254/578)
PEDIGREE: 4255 (255/578)
PEDIGREE: 4256 (256/578)
PEDIGREE: 4257 (257/578)
PEDIGREE: 4258 (258/578)
PEDIGREE: 4259 (259/578)
PEDIGREE: 4260 (260/578)
PEDIGREE: 4261 (261/578)
PEDIGREE: 4262 (262/578)
PEDIGREE: 4263 (263/578)
PEDIGREE: 4264 (264/578)
PEDIGREE: 4265 (265/578)
PEDIGREE: 4266 (266/578)
PEDIGREE: 4267 (267/578)
PEDIGREE: 4268 (268/578)
PEDIGREE: 4269 (269/578)
PEDIGREE: 4270 (270/578)
PEDIGREE: 4271 (271/578)
PEDIGREE: 4272 (272/578)
PEDIGREE: 4273 (273/578)
PEDIGREE: 4274 (274/578)
PEDIGREE: 4275 (275/578)
PEDIGREE: 4276 (276/578)
PEDIGREE: 4277 (277/578)
PEDIGREE: 4278 (278/578)
PEDIGREE: 4279 (279/578)
PEDIGREE: 4280 (280/578)
PEDIGREE: 4281 (281/578)
PEDIGREE: 4282 (282/578)
PEDIGREE: 4283 (283/578)
PEDIGREE: 4284 (284/578)
PEDIGREE: 4285 (285/578)
PEDIGREE: 4286 (286/578)
PEDIGREE: 4287 (287/578)
PEDIGREE: 4288 (288/578)
PEDIGREE: 4289 (289/578)
PEDIGREE: 4290 (290/578)
PEDIGREE: 4291 (291/578)
PEDIGREE: 4292 (292/578)
PEDIGREE: 4293 (293/578)
PEDIGREE: 4294 (294/578)
PEDIGREE: 4295 (295/578)
PEDIGREE: 4296 (296/578)
PEDIGREE: 4297 (297/578)
PEDIGREE: 4298 (298/578)
PEDIGREE: 4299 (299/578)
PEDIGREE: 4300 (300/578)
PEDIGREE: 4301 (301/578)
PEDIGREE: 4302 (302/578)
PEDIGREE: 4303 (303/578)
PEDIGREE: 4304 (304/578)
PEDIGREE: 4305 (305/578)
PEDIGREE: 4306 (306/578)
PEDIGREE: 4307 (307/578)
PEDIGREE: 4308 (308/578)
PEDIGREE: 4309 (309/578)
PEDIGREE: 4310 (310/578)
PEDIGREE: 4311 (311/578)
PEDIGREE: 4312 (312/578)
PEDIGREE: 4313 (313/578)
PEDIGREE: 4314 (314/578)
PEDIGREE: 4315 (315/578)
PEDIGREE: 4316 (316/578)
PEDIGREE: 4317 (317/578)
PEDIGREE: 4318 (318/578)
PEDIGREE: 4319 (319/578)
PEDIGREE: 4320 (320/578)
PEDIGREE: 4321 (321/578)
PEDIGREE: 4322 (322/578)
PEDIGREE: 4323 (323/578)
PEDIGREE: 4324 (324/578)
PEDIGREE: 4325 (325/578)
PEDIGREE: 4326 (326/578)
PEDIGREE: 4327 (327/578)
PEDIGREE: 4328 (328/578)
PEDIGREE: 4329 (329/578)
PEDIGREE: 4330 (330/578)
PEDIGREE: 4331 (331/578)
PEDIGREE: 4332 (332/578)
PEDIGREE: 4333 (333/578)
PEDIGREE: 4334 (334/578)
PEDIGREE: 4335 (335/578)
PEDIGREE: 4336 (336/578)
PEDIGREE: 4337 (337/578)
PEDIGREE: 4338 (338/578)
PEDIGREE: 4339 (339/578)
PEDIGREE: 4340 (340/578)
PEDIGREE: 4341 (341/578)
PEDIGREE: 4342 (342/578)
PEDIGREE: 4343 (343/578)
PEDIGREE: 4344 (344/578)
PEDIGREE: 4345 (345/578)
PEDIGREE: 4346 (346/578)
PEDIGREE: 4347 (347/578)
PEDIGREE: 4348 (348/578)
PEDIGREE: 4349 (349/578)
PEDIGREE: 4350 (350/578)
PEDIGREE: 4351 (351/578)
PEDIGREE: 4352 (352/578)
PEDIGREE: 4353 (353/578)
PEDIGREE: 4354 (354/578)
PEDIGREE: 4355 (355/578)
PEDIGREE: 4356 (356/578)
PEDIGREE: 4357 (357/578)
PEDIGREE: 4358 (358/578)
PEDIGREE: 4359 (359/578)
PEDIGREE: 4360 (360/578)
PEDIGREE: 4361 (361/578)
PEDIGREE: 4362 (362/578)
PEDIGREE: 4363 (363/578)
PEDIGREE: 4364 (364/578)
PEDIGREE: 4365 (365/578)
PEDIGREE: 4366 (366/578)
PEDIGREE: 4367 (367/578)
PEDIGREE: 4368 (368/578)
PEDIGREE: 4369 (369/578)
PEDIGREE: 4370 (370/578)
PEDIGREE: 4371 (371/578)
PEDIGREE: 4372 (372/578)
PEDIGREE: 4373 (373/578)
PEDIGREE: 4374 (374/578)
PEDIGREE: 4375 (375/578)
PEDIGREE: 4376 (376/578)
PEDIGREE: 4377 (377/578)
PEDIGREE: 4378 (378/578)
PEDIGREE: 4379 (379/578)
PEDIGREE: 4380 (380/578)
PEDIGREE: 4381 (381/578)
PEDIGREE: 4382 (382/578)
PEDIGREE: 4383 (383/578)
PEDIGREE: 4384 (384/578)
PEDIGREE: 4385 (385/578)
PEDIGREE: 4386 (386/578)
PEDIGREE: 4387 (387/578)
PEDIGREE: 4388 (388/578)
PEDIGREE: 4389 (389/578)
PEDIGREE: 4390 (390/578)
PEDIGREE: 4391 (391/578)
PEDIGREE: 4392 (392/578)
PEDIGREE: 4393 (393/578)
PEDIGREE: 4394 (394/578)
PEDIGREE: 4395 (395/578)
PEDIGREE: 4396 (396/578)
PEDIGREE: 4397 (397/578)
PEDIGREE: 4398 (398/578)
PEDIGREE: 4399 (399/578)
PEDIGREE: 4400 (400/578)
PEDIGREE: 4401 (401/578)
PEDIGREE: 4402 (402/578)
PEDIGREE: 4403 (403/578)
PEDIGREE: 4404 (404/578)
PEDIGREE: 4405 (405/578)
PEDIGREE: 4406 (406/578)
PEDIGREE: 4407 (407/578)
PEDIGREE: 4408 (408/578)
PEDIGREE: 4409 (409/578)
PEDIGREE: 4410 (410/578)
PEDIGREE: 4411 (411/578)
PEDIGREE: 4412 (412/578)
PEDIGREE: 4413 (413/578)
PEDIGREE: 4414 (414/578)
PEDIGREE: 4415 (415/578)
PEDIGREE: 4416 (416/578)
PEDIGREE: 4417 (417/578)
PEDIGREE: 4418 (418/578)
PEDIGREE: 4419 (419/578)
PEDIGREE: 4420 (420/578)
PEDIGREE: 4421 (421/578)
PEDIGREE: 4422 (422/578)
PEDIGREE: 4423 (423/578)
PEDIGREE: 4424 (424/578)
PEDIGREE: 4425 (425/578)
PEDIGREE: 4426 (426/578)
PEDIGREE: 4427 (427/578)
PEDIGREE: 4428 (428/578)
PEDIGREE: 4429 (429/578)
PEDIGREE: 4430 (430/578)
PEDIGREE: 4431 (431/578)
PEDIGREE: 4432 (432/578)
PEDIGREE: 4433 (433/578)
PEDIGREE: 4434 (434/578)
PEDIGREE: 4435 (435/578)
PEDIGREE: 4436 (436/578)
PEDIGREE: 4437 (437/578)
PEDIGREE: 4438 (438/578)
PEDIGREE: 4439 (439/578)
PEDIGREE: 4440 (440/578)
PEDIGREE: 4441 (441/578)
PEDIGREE: 4442 (442/578)
PEDIGREE: 4443 (443/578)
PEDIGREE: 4444 (444/578)
PEDIGREE: 4445 (445/578)
PEDIGREE: 4446 (446/578)
PEDIGREE: 4447 (447/578)
PEDIGREE: 4448 (448/578)
PEDIGREE: 4449 (449/578)
PEDIGREE: 4450 (450/578)
PEDIGREE: 4451 (451/578)
PEDIGREE: 4452 (452/578)
PEDIGREE: 4453 (453/578)
PEDIGREE: 4454 (454/578)
PEDIGREE: 4455 (455/578)
PEDIGREE: 4456 (456/578)
PEDIGREE: 4457 (457/578)
PEDIGREE: 4458 (458/578)
PEDIGREE: 4459 (459/578)
PEDIGREE: 4460 (460/578)
PEDIGREE: 4461 (461/578)
PEDIGREE: 4462 (462/578)
PEDIGREE: 4463 (463/578)
PEDIGREE: 4464 (464/578)
PEDIGREE: 4465 (465/578)
PEDIGREE: 4466 (466/578)
PEDIGREE: 4467 (467/578)
PEDIGREE: 4468 (468/578)
PEDIGREE: 4469 (469/578)
PEDIGREE: 4470 (470/578)
PEDIGREE: 4471 (471/578)
PEDIGREE: 4472 (472/578)
PEDIGREE: 4473 (473/578)
PEDIGREE: 4474 (474/578)
PEDIGREE: 4475 (475/578)
PEDIGREE: 4476 (476/578)
PEDIGREE: 4477 (477/578)
PEDIGREE: 4478 (478/578)
PEDIGREE: 4479 (479/578)
PEDIGREE: 4480 (480/578)
PEDIGREE: 4481 (481/578)
PEDIGREE: 4482 (482/578)
PEDIGREE: 4483 (483/578)
PEDIGREE: 4484 (484/578)
PEDIGREE: 4485 (485/578)
PEDIGREE: 4486 (486/578)
PEDIGREE: 4487 (487/578)
PEDIGREE: 4488 (488/578)
PEDIGREE: 4489 (489/578)
PEDIGREE: 4490 (490/578)
PEDIGREE: 4491 (491/578)
PEDIGREE: 4492 (492/578)
PEDIGREE: 4493 (493/578)
PEDIGREE: 4494 (494/578)
PEDIGREE: 4495 (495/578)
PEDIGREE: 4496 (496/578)
PEDIGREE: 4497 (497/578)
PEDIGREE: 4498 (498/578)
PEDIGREE: 4499 (499/578)
PEDIGREE: 4500 (500/578)
PEDIGREE: 4501 (501/578)
PEDIGREE: 4502 (502/578)
PEDIGREE: 4503 (503/578)
PEDIGREE: 4504 (504/578)
PEDIGREE: 4505 (505/578)
PEDIGREE: 4506 (506/578)
PEDIGREE: 4507 (507/578)
PEDIGREE: 4508 (508/578)
PEDIGREE: 4509 (509/578)
PEDIGREE: 4510 (510/578)
PEDIGREE: 4511 (511/578)
PEDIGREE: 4512 (512/578)
PEDIGREE: 4513 (513/578)
PEDIGREE: 4514 (514/578)
PEDIGREE: 4515 (515/578)
PEDIGREE: 4516 (516/578)
PEDIGREE: 4517 (517/578)
PEDIGREE: 4518 (518/578)
PEDIGREE: 4519 (519/578)
PEDIGREE: 4520 (520/578)
PEDIGREE: 4521 (521/578)
PEDIGREE: 4522 (522/578)
PEDIGREE: 4523 (523/578)
PEDIGREE: 4524 (524/578)
PEDIGREE: 4525 (525/578)
PEDIGREE: 4526 (526/578)
PEDIGREE: 4527 (527/578)
PEDIGREE: 4528 (528/578)
PEDIGREE: 4529 (529/578)
PEDIGREE: 4530 (530/578)
PEDIGREE: 4531 (531/578)
PEDIGREE: 4532 (532/578)
PEDIGREE: 4533 (533/578)
PEDIGREE: 4534 (534/578)
PEDIGREE: 4535 (535/578)
PEDIGREE: 4536 (536/578)
PEDIGREE: 4537 (537/578)
PEDIGREE: 4538 (538/578)
PEDIGREE: 4539 (539/578)
PEDIGREE: 4540 (540/578)
PEDIGREE: 4541 (541/578)
PEDIGREE: 4542 (542/578)
PEDIGREE: 4543 (543/578)
PEDIGREE: 4544 (544/578)
PEDIGREE: 4545 (545/578)
PEDIGREE: 4546 (546/578)
PEDIGREE: 4547 (547/578)
PEDIGREE: 4548 (548/578)
PEDIGREE: 4549 (549/578)
PEDIGREE: 4550 (550/578)
PEDIGREE: 4551 (551/578)
PEDIGREE: 4552 (552/578)
PEDIGREE: 4553 (553/578)
PEDIGREE: 4554 (554/578)
PEDIGREE: 4555 (555/578)
PEDIGREE: 4556 (556/578)
PEDIGREE: 4557 (557/578)
PEDIGREE: 4558 (558/578)
PEDIGREE: 5001 (559/578)
PEDIGREE: 5002 (560/578)
PEDIGREE: 5003 (561/578)
PEDIGREE: 5004 (562/578)
PEDIGREE: 5005 (563/578)
PEDIGREE: 5006 (564/578)
PEDIGREE: 5007 (565/578)
PEDIGREE: 5008 (566/578)
PEDIGREE: 5009 (567/578)
PEDIGREE: 5010 (568/578)
PEDIGREE: 5011 (569/578)
PEDIGREE: 5012 (570/578)
PEDIGREE: 5013 (571/578)
PEDIGREE: 5014 (572/578)
PEDIGREE: 5015 (573/578)
PEDIGREE: 5016 (574/578)
PEDIGREE: 5017 (575/578)
PEDIGREE: 5018 (576/578)
PEDIGREE: 5019 (577/578)
PEDIGREE: 5020 (578/578)
Finished polynomial building: 29.060000
MP done trait: 29.390000
PEDIGREE: 4001 (1/578)
PEDIGREE: 4002 (2/578)
PEDIGREE: 4003 (3/578)
PEDIGREE: 4004 (4/578)
PEDIGREE: 4005 (5/578)
PEDIGREE: 4006 (6/578)
PEDIGREE: 4007 (7/578)
PEDIGREE: 4008 (8/578)
PEDIGREE: 4009 (9/578)
PEDIGREE: 4010 (10/578)
PEDIGREE: 4011 (11/578)
PEDIGREE: 4012 (12/578)
PEDIGREE: 4013 (13/578)
PEDIGREE: 4014 (14/578)
PEDIGREE: 4015 (15/578)
PEDIGREE: 4016 (16/578)
PEDIGREE: 4017 (17/578)
PEDIGREE: 4018 (18/578)
PEDIGREE: 4019 (19/578)
PEDIGREE: 4020 (20/578)
PEDIGREE: 4021 (21/578)
PEDIGREE: 4022 (22/578)
PEDIGREE: 4023 (23/578)
PEDIGREE: 4024 (24/578)
PEDIGREE: 4025 (25/578)
PEDIGREE: 4026 (26/578)
PEDIGREE: 4027 (27/578)
PEDIGREE: 4028 (28/578)
PEDIGREE: 4029 (29/578)
PEDIGREE: 4030 (30/578)
PEDIGREE: 4031 (31/578)
PEDIGREE: 4032 (32/578)
PEDIGREE: 4033 (33/578)
PEDIGREE: 4034 (34/578)
PEDIGREE: 4035 (35/578)
PEDIGREE: 4036 (36/578)
PEDIGREE: 4037 (37/578)
PEDIGREE: 4038 (38/578)
PEDIGREE: 4039 (39/578)
PEDIGREE: 4040 (40/578)
PEDIGREE: 4041 (41/578)
PEDIGREE: 4042 (42/578)
PEDIGREE: 4043 (43/578)
PEDIGREE: 4044 (44/578)
PEDIGREE: 4045 (45/578)
PEDIGREE: 4046 (46/578)
PEDIGREE: 4047 (47/578)
PEDIGREE: 4048 (48/578)
PEDIGREE: 4049 (49/578)
PEDIGREE: 4050 (50/578)
PEDIGREE: 4051 (51/578)
PEDIGREE: 4052 (52/578)
PEDIGREE: 4053 (53/578)
PEDIGREE: 4054 (54/578)
PEDIGREE: 4055 (55/578)
PEDIGREE: 4056 (56/578)
PEDIGREE: 4057 (57/578)
PEDIGREE: 4058 (58/578)
PEDIGREE: 4059 (59/578)
PEDIGREE: 4060 (60/578)
PEDIGREE: 4061 (61/578)
PEDIGREE: 4062 (62/578)
PEDIGREE: 4063 (63/578)
PEDIGREE: 4064 (64/578)
PEDIGREE: 4065 (65/578)
PEDIGREE: 4066 (66/578)
PEDIGREE: 4067 (67/578)
PEDIGREE: 4068 (68/578)
PEDIGREE: 4069 (69/578)
PEDIGREE: 4070 (70/578)
PEDIGREE: 4071 (71/578)
PEDIGREE: 4072 (72/578)
PEDIGREE: 4073 (73/578)
PEDIGREE: 4074 (74/578)
PEDIGREE: 4075 (75/578)
PEDIGREE: 4076 (76/578)
PEDIGREE: 4077 (77/578)
PEDIGREE: 4078 (78/578)
PEDIGREE: 4079 (79/578)
PEDIGREE: 4080 (80/578)
PEDIGREE: 4081 (81/578)
PEDIGREE: 4082 (82/578)
PEDIGREE: 4083 (83/578)
PEDIGREE: 4084 (84/578)
PEDIGREE: 4085 (85/578)
PEDIGREE: 4086 (86/578)
PEDIGREE: 4087 (87/578)
PEDIGREE: 4088 (88/578)
PEDIGREE: 4089 (89/578)
PEDIGREE: 4090 (90/578)
PEDIGREE: 4091 (91/578)
PEDIGREE: 4092 (92/578)
PEDIGREE: 4093 (93/578)
PEDIGREE: 4094 (94/578)
PEDIGREE: 4095 (95/578)
PEDIGREE: 4096 (96/578)
PEDIGREE: 4097 (97/578)
PEDIGREE: 4098 (98/578)
PEDIGREE: 4099 (99/578)
PEDIGREE: 4100 (100/578)
PEDIGREE: 4101 (101/578)
PEDIGREE: 4102 (102/578)
PEDIGREE: 4103 (103/578)
PEDIGREE: 4104 (104/578)
PEDIGREE: 4105 (105/578)
PEDIGREE: 4106 (106/578)
PEDIGREE: 4107 (107/578)
PEDIGREE: 4108 (108/578)
PEDIGREE: 4109 (109/578)
PEDIGREE: 4110 (110/578)
PEDIGREE: 4111 (111/578)
PEDIGREE: 4112 (112/578)
PEDIGREE: 4113 (113/578)
PEDIGREE: 4114 (114/578)
PEDIGREE: 4115 (115/578)
PEDIGREE: 4116 (116/578)
PEDIGREE: 4117 (117/578)
PEDIGREE: 4118 (118/578)
PEDIGREE: 4119 (119/578)
PEDIGREE: 4120 (120/578)
PEDIGREE: 4121 (121/578)
PEDIGREE: 4122 (122/578)
PEDIGREE: 4123 (123/578)
PEDIGREE: 4124 (124/578)
PEDIGREE: 4125 (125/578)
PEDIGREE: 4126 (126/578)
PEDIGREE: 4127 (127/578)
PEDIGREE: 4128 (128/578)
PEDIGREE: 4129 (129/578)
PEDIGREE: 4130 (130/578)
PEDIGREE: 4131 (131/578)
PEDIGREE: 4132 (132/578)
PEDIGREE: 4133 (133/578)
PEDIGREE: 4134 (134/578)
PEDIGREE: 4135 (135/578)
PEDIGREE: 4136 (136/578)
PEDIGREE: 4137 (137/578)
PEDIGREE: 4138 (138/578)
PEDIGREE: 4139 (139/578)
PEDIGREE: 4140 (140/578)
PEDIGREE: 4141 (141/578)
PEDIGREE: 4142 (142/578)
PEDIGREE: 4143 (143/578)
PEDIGREE: 4144 (144/578)
PEDIGREE: 4145 (145/578)
PEDIGREE: 4146 (146/578)
PEDIGREE: 4147 (147/578)
PEDIGREE: 4148 (148/578)
PEDIGREE: 4149 (149/578)
PEDIGREE: 4150 (150/578)
PEDIGREE: 4151 (151/578)
PEDIGREE: 4152 (152/578)
PEDIGREE: 4153 (153/578)
PEDIGREE: 4154 (154/578)
PEDIGREE: 4155 (155/578)
PEDIGREE: 4156 (156/578)
PEDIGREE: 4157 (157/578)
PEDIGREE: 4158 (158/578)
PEDIGREE: 4159 (159/578)
PEDIGREE: 4160 (160/578)
PEDIGREE: 4161 (161/578)
PEDIGREE: 4162 (162/578)
PEDIGREE: 4163 (163/578)
PEDIGREE: 4164 (164/578)
PEDIGREE: 4165 (165/578)
PEDIGREE: 4166 (166/578)
PEDIGREE: 4167 (167/578)
PEDIGREE: 4168 (168/578)
PEDIGREE: 4169 (169/578)
PEDIGREE: 4170 (170/578)
PEDIGREE: 4171 (171/578)
PEDIGREE: 4172 (172/578)
PEDIGREE: 4173 (173/578)
PEDIGREE: 4174 (174/578)
PEDIGREE: 4175 (175/578)
PEDIGREE: 4176 (176/578)
PEDIGREE: 4177 (177/578)
PEDIGREE: 4178 (178/578)
PEDIGREE: 4179 (179/578)
PEDIGREE: 4180 (180/578)
PEDIGREE: 4181 (181/578)
PEDIGREE: 4182 (182/578)
PEDIGREE: 4183 (183/578)
PEDIGREE: 4184 (184/578)
PEDIGREE: 4185 (185/578)
PEDIGREE: 4186 (186/578)
PEDIGREE: 4187 (187/578)
PEDIGREE: 4188 (188/578)
PEDIGREE: 4189 (189/578)
PEDIGREE: 4190 (190/578)
PEDIGREE: 4191 (191/578)
PEDIGREE: 4192 (192/578)
PEDIGREE: 4193 (193/578)
PEDIGREE: 4194 (194/578)
PEDIGREE: 4195 (195/578)
PEDIGREE: 4196 (196/578)
PEDIGREE: 4197 (197/578)
PEDIGREE: 4198 (198/578)
PEDIGREE: 4199 (199/578)
PEDIGREE: 4200 (200/578)
PEDIGREE: 4201 (201/578)
PEDIGREE: 4202 (202/578)
PEDIGREE: 4203 (203/578)
PEDIGREE: 4204 (204/578)
PEDIGREE: 4205 (205/578)
PEDIGREE: 4206 (206/578)
PEDIGREE: 4207 (207/578)
PEDIGREE: 4208 (208/578)
PEDIGREE: 4209 (209/578)
PEDIGREE: 4210 (210/578)
PEDIGREE: 4211 (211/578)
PEDIGREE: 4212 (212/578)
PEDIGREE: 4213 (213/578)
PEDIGREE: 4214 (214/578)
PEDIGREE: 4215 (215/578)
PEDIGREE: 4216 (216/578)
PEDIGREE: 4217 (217/578)
PEDIGREE: 4218 (218/578)
PEDIGREE: 4219 (219/578)
PEDIGREE: 4220 (220/578)
PEDIGREE: 4221 (221/578)
PEDIGREE: 4222 (222/578)
PEDIGREE: 4223 (223/578)
PEDIGREE: 4224 (224/578)
PEDIGREE: 4225 (225/578)
PEDIGREE: 4226 (226/578)
PEDIGREE: 4227 (227/578)
PEDIGREE: 4228 (228/578)
PEDIGREE: 4229 (229/578)
PEDIGREE: 4230 (230/578)
PEDIGREE: 4231 (231/578)
PEDIGREE: 4232 (232/578)
PEDIGREE: 4233 (233/578)
PEDIGREE: 4234 (234/578)
PEDIGREE: 4235 (235/578)
PEDIGREE: 4236 (236/578)
PEDIGREE: 4237 (237/578)
PEDIGREE: 4238 (238/578)
PEDIGREE: 4239 (239/578)
PEDIGREE: 4240 (240/578)
PEDIGREE: 4241 (241/578)
PEDIGREE: 4242 (242/578)
PEDIGREE: 4243 (243/578)
PEDIGREE: 4244 (244/578)
PEDIGREE: 4245 (245/578)
PEDIGREE: 4246 (246/578)
PEDIGREE: 4247 (247/578)
PEDIGREE: 4248 (248/578)
PEDIGREE: 4249 (249/578)
PEDIGREE: 4250 (250/578)
PEDIGREE: 4251 (251/578)
PEDIGREE: 4252 (252/578)
PEDIGREE: 4253 (253/578)
PEDIGREE: 4254 (254/578)
PEDIGREE: 4255 (255/578)
PEDIGREE: 4256 (256/578)
PEDIGREE: 4257 (257/578)
PEDIGREE: 4258 (258/578)
PEDIGREE: 4259 (259/578)
PEDIGREE: 4260 (260/578)
PEDIGREE: 4261 (261/578)
PEDIGREE: 4262 (262/578)
PEDIGREE: 4263 (263/578)
PEDIGREE: 4264 (264/578)
PEDIGREE: 4265 (265/578)
PEDIGREE: 4266 (266/578)
PEDIGREE: 4267 (267/578)
PEDIGREE: 4268 (268/578)
PEDIGREE: 4269 (269/578)
PEDIGREE: 4270 (270/578)
PEDIGREE: 4271 (271/578)
PEDIGREE: 4272 (272/578)
PEDIGREE: 4273 (273/578)
PEDIGREE: 4274 (274/578)
PEDIGREE: 4275 (275/578)
PEDIGREE: 4276 (276/578)
PEDIGREE: 4277 (277/578)
PEDIGREE: 4278 (278/578)
PEDIGREE: 4279 (279/578)
PEDIGREE: 4280 (280/578)
PEDIGREE: 4281 (281/578)
PEDIGREE: 4282 (282/578)
PEDIGREE: 4283 (283/578)
PEDIGREE: 4284 (284/578)
PEDIGREE: 4285 (285/578)
PEDIGREE: 4286 (286/578)
PEDIGREE: 4287 (287/578)
PEDIGREE: 4288 (288/578)
PEDIGREE: 4289 (289/578)
PEDIGREE: 4290 (290/578)
PEDIGREE: 4291 (291/578)
PEDIGREE: 4292 (292/578)
PEDIGREE: 4293 (293/578)
PEDIGREE: 4294 (294/578)
PEDIGREE: 4295 (295/578)
PEDIGREE: 4296 (296/578)
PEDIGREE: 4297 (297/578)
PEDIGREE: 4298 (298/578)
PEDIGREE: 4299 (299/578)
PEDIGREE: 4300 (300/578)
PEDIGREE: 4301 (301/578)
PEDIGREE: 4302 (302/578)
PEDIGREE: 4303 (303/578)
PEDIGREE: 4304 (304/578)
PEDIGREE: 4305 (305/578)
PEDIGREE: 4306 (306/578)
PEDIGREE: 4307 (307/578)
PEDIGREE: 4308 (308/578)
PEDIGREE: 4309 (309/578)
PEDIGREE: 4310 (310/578)
PEDIGREE: 4311 (311/578)
PEDIGREE: 4312 (312/578)
PEDIGREE: 4313 (313/578)
PEDIGREE: 4314 (314/578)
PEDIGREE: 4315 (315/578)
PEDIGREE: 4316 (316/578)
PEDIGREE: 4317 (317/578)
PEDIGREE: 4318 (318/578)
PEDIGREE: 4319 (319/578)
PEDIGREE: 4320 (320/578)
PEDIGREE: 4321 (321/578)
PEDIGREE: 4322 (322/578)
PEDIGREE: 4323 (323/578)
PEDIGREE: 4324 (324/578)
PEDIGREE: 4325 (325/578)
PEDIGREE: 4326 (326/578)
PEDIGREE: 4327 (327/578)
PEDIGREE: 4328 (328/578)
PEDIGREE: 4329 (329/578)
PEDIGREE: 4330 (330/578)
PEDIGREE: 4331 (331/578)
PEDIGREE: 4332 (332/578)
PEDIGREE: 4333 (333/578)
PEDIGREE: 4334 (334/578)
PEDIGREE: 4335 (335/578)
PEDIGREE: 4336 (336/578)
PEDIGREE: 4337 (337/578)
PEDIGREE: 4338 (338/578)
PEDIGREE: 4339 (339/578)
PEDIGREE: 4340 (340/578)
PEDIGREE: 4341 (341/578)
PEDIGREE: 4342 (342/578)
PEDIGREE: 4343 (343/578)
PEDIGREE: 4344 (344/578)
PEDIGREE: 4345 (345/578)
PEDIGREE: 4346 (346/578)
PEDIGREE: 4347 (347/578)
PEDIGREE: 4348 (348/578)
PEDIGREE: 4349 (349/578)
PEDIGREE: 4350 (350/578)
PEDIGREE: 4351 (351/578)
PEDIGREE: 4352 (352/578)
PEDIGREE: 4353 (353/578)
PEDIGREE: 4354 (354/578)
PEDIGREE: 4355 (355/578)
PEDIGREE: 4356 (356/578)
PEDIGREE: 4357 (357/578)
PEDIGREE: 4358 (358/578)
PEDIGREE: 4359 (359/578)
PEDIGREE: 4360 (360/578)
PEDIGREE: 4361 (361/578)
PEDIGREE: 4362 (362/578)
PEDIGREE: 4363 (363/578)
PEDIGREE: 4364 (364/578)
PEDIGREE: 4365 (365/578)
PEDIGREE: 4366 (366/578)
PEDIGREE: 4367 (367/578)
PEDIGREE: 4368 (368/578)
PEDIGREE: 4369 (369/578)
PEDIGREE: 4370 (370/578)
PEDIGREE: 4371 (371/578)
PEDIGREE: 4372 (372/578)
PEDIGREE: 4373 (373/578)
PEDIGREE: 4374 (374/578)
PEDIGREE: 4375 (375/578)
PEDIGREE: 4376 (376/578)
PEDIGREE: 4377 (377/578)
PEDIGREE: 4378 (378/578)
PEDIGREE: 4379 (379/578)
PEDIGREE: 4380 (380/578)
PEDIGREE: 4381 (381/578)
PEDIGREE: 4382 (382/578)
PEDIGREE: 4383 (383/578)
PEDIGREE: 4384 (384/578)
PEDIGREE: 4385 (385/578)
PEDIGREE: 4386 (386/578)
PEDIGREE: 4387 (387/578)
PEDIGREE: 4388 (388/578)
PEDIGREE: 4389 (389/578)
PEDIGREE: 4390 (390/578)
PEDIGREE: 4391 (391/578)
PEDIGREE: 4392 (392/578)
PEDIGREE: 4393 (393/578)
PEDIGREE: 4394 (394/578)
PEDIGREE: 4395 (395/578)
PEDIGREE: 4396 (396/578)
PEDIGREE: 4397 (397/578)
PEDIGREE: 4398 (398/578)
PEDIGREE: 4399 (399/578)
PEDIGREE: 4400 (400/578)
PEDIGREE: 4401 (401/578)
PEDIGREE: 4402 (402/578)
PEDIGREE: 4403 (403/578)
PEDIGREE: 4404 (404/578)
PEDIGREE: 4405 (405/578)
PEDIGREE: 4406 (406/578)
PEDIGREE: 4407 (407/578)
PEDIGREE: 4408 (408/578)
PEDIGREE: 4409 (409/578)
PEDIGREE: 4410 (410/578)
PEDIGREE: 4411 (411/578)
PEDIGREE: 4412 (412/578)
PEDIGREE: 4413 (413/578)
PEDIGREE: 4414 (414/578)
PEDIGREE: 4415 (415/578)
PEDIGREE: 4416 (416/578)
PEDIGREE: 4417 (417/578)
PEDIGREE: 4418 (418/578)
PEDIGREE: 4419 (419/578)
PEDIGREE: 4420 (420/578)
PEDIGREE: 4421 (421/578)
PEDIGREE: 4422 (422/578)
PEDIGREE: 4423 (423/578)
PEDIGREE: 4424 (424/578)
PEDIGREE: 4425 (425/578)
PEDIGREE: 4426 (426/578)
PEDIGREE: 4427 (427/578)
PEDIGREE: 4428 (428/578)
PEDIGREE: 4429 (429/578)
PEDIGREE: 4430 (430/578)
PEDIGREE: 4431 (431/578)
PEDIGREE: 4432 (432/578)
PEDIGREE: 4433 (433/578)
PEDIGREE: 4434 (434/578)
PEDIGREE: 4435 (435/578)
PEDIGREE: 4436 (436/578)
PEDIGREE: 4437 (437/578)
PEDIGREE: 4438 (438/578)
PEDIGREE: 4439 (439/578)
PEDIGREE: 4440 (440/578)
PEDIGREE: 4441 (441/578)
PEDIGREE: 4442 (442/578)
PEDIGREE: 4443 (443/578)
PEDIGREE: 4444 (444/578)
PEDIGREE: 4445 (445/578)
PEDIGREE: 4446 (446/578)
PEDIGREE: 4447 (447/578)
PEDIGREE: 4448 (448/578)
PEDIGREE: 4449 (449/578)
PEDIGREE: 4450 (450/578)
PEDIGREE: 4451 (451/578)
PEDIGREE: 4452 (452/578)
PEDIGREE: 4453 (453/578)
PEDIGREE: 4454 (454/578)
PEDIGREE: 4455 (455/578)
PEDIGREE: 4456 (456/578)
PEDIGREE: 4457 (457/578)
PEDIGREE: 4458 (458/578)
PEDIGREE: 4459 (459/578)
PEDIGREE: 4460 (460/578)
PEDIGREE: 4461 (461/578)
PEDIGREE: 4462 (462/578)
PEDIGREE: 4463 (463/578)
PEDIGREE: 4464 (464/578)
PEDIGREE: 4465 (465/578)
PEDIGREE: 4466 (466/578)
PEDIGREE: 4467 (467/578)
PEDIGREE: 4468 (468/578)
PEDIGREE: 4469 (469/578)
PEDIGREE: 4470 (470/578)
PEDIGREE: 4471 (471/578)
PEDIGREE: 4472 (472/578)
PEDIGREE: 4473 (473/578)
PEDIGREE: 4474 (474/578)
PEDIGREE: 4475 (475/578)
PEDIGREE: 4476 (476/578)
PEDIGREE: 4477 (477/578)
PEDIGREE: 4478 (478/578)
PEDIGREE: 4479 (479/578)
PEDIGREE: 4480 (480/578)
PEDIGREE: 4481 (481/578)
PEDIGREE: 4482 (482/578)
PEDIGREE: 4483 (483/578)
PEDIGREE: 4484 (484/578)
PEDIGREE: 4485 (485/578)
PEDIGREE: 4486 (486/578)
PEDIGREE: 4487 (487/578)
PEDIGREE: 4488 (488/578)
PEDIGREE: 4489 (489/578)
PEDIGREE: 4490 (490/578)
PEDIGREE: 4491 (491/578)
PEDIGREE: 4492 (492/578)
PEDIGREE: 4493 (493/578)
PEDIGREE: 4494 (494/578)
PEDIGREE: 4495 (495/578)
PEDIGREE: 4496 (496/578)
PEDIGREE: 4497 (497/578)
PEDIGREE: 4498 (498/578)
PEDIGREE: 4499 (499/578)
PEDIGREE: 4500 (500/578)
PEDIGREE: 4501 (501/578)
PEDIGREE: 4502 (502/578)
PEDIGREE: 4503 (503/578)
PEDIGREE: 4504 (504/578)
PEDIGREE: 4505 (505/578)
PEDIGREE: 4506 (506/578)
PEDIGREE: 4507 (507/578)
PEDIGREE: 4508 (508/578)
PEDIGREE: 4509 (509/578)
PEDIGREE: 4510 (510/578)
PEDIGREE: 4511 (511/578)
PEDIGREE: 4512 (512/578)
PEDIGREE: 4513 (513/578)
PEDIGREE: 4514 (514/578)
PEDIGREE: 4515 (515/578)
PEDIGREE: 4516 (516/578)
PEDIGREE: 4517 (517/578)
PEDIGREE: 4518 (518/578)
PEDIGREE: 4519 (519/578)
PEDIGREE: 4520 (520/578)
PEDIGREE: 4521 (521/578)
PEDIGREE: 4522 (522/578)
PEDIGREE: 4523 (523/578)
PEDIGREE: 4524 (524/578)
PEDIGREE: 4525 (525/578)
PEDIGREE: 4526 (526/578)
PEDIGREE: 4527 (527/578)
PEDIGREE: 4528 (528/578)
PEDIGREE: 4529 (529/578)
PEDIGREE: 4530 (530/578)
PEDIGREE: 4531 (531/578)
PEDIGREE: 4532 (532/578)
PEDIGREE: 4533 (533/578)
PEDIGREE: 4534 (534/578)
PEDIGREE: 4535 (535/578)
PEDIGREE: 4536 (536/578)
PEDIGREE: 4537 (537/578)
PEDIGREE: 4538 (538/578)
PEDIGREE: 4539 (539/578)
PEDIGREE: 4540 (540/578)
PEDIGREE: 4541 (541/578)
PEDIGREE: 4542 (542/578)
PEDIGREE: 4543 (543/578)
PEDIGREE: 4544 (544/578)
PEDIGREE: 4545 (545/578)
PEDIGREE: 4546 (546/578)
PEDIGREE: 4547 (547/578)
PEDIGREE: 4548 (548/578)
PEDIGREE: 4549 (549/578)
PEDIGREE: 4550 (550/578)
PEDIGREE: 4551 (551/578)
PEDIGREE: 4552 (552/578)
PEDIGREE: 4553 (553/578)
PEDIGREE: 4554 (554/578)
PEDIGREE: 4555 (555/578)
PEDIGREE: 4556 (556/578)
PEDIGREE: 4557 (557/578)
PEDIGREE: 4558 (558/578)
PEDIGREE: 5001 (559/578)
PEDIGREE: 5002 (560/578)
PEDIGREE: 5003 (561/578)
PEDIGREE: 5004 (562/578)
PEDIGREE: 5005 (563/578)
PEDIGREE: 5006 (564/578)
PEDIGREE: 5007 (565/578)
PEDIGREE: 5008 (566/578)
PEDIGREE: 5009 (567/578)
PEDIGREE: 5010 (568/578)
PEDIGREE: 5011 (569/578)
PEDIGREE: 5012 (570/578)
PEDIGREE: 5013 (571/578)
PEDIGREE: 5014 (572/578)
PEDIGREE: 5015 (573/578)
PEDIGREE: 5016 (574/578)
PEDIGREE: 5017 (575/578)
PEDIGREE: 5018 (576/578)
PEDIGREE: 5019 (577/578)
PEDIGREE: 5020 (578/578)
Finished polynomial building: 55.310000
MP done marker set on pos 0: 55.310000
PEDIGREE: 4001 (1/578)
PEDIGREE: 4002 (2/578)
PEDIGREE: 4003 (3/578)
PEDIGREE: 4004 (4/578)
PEDIGREE: 4005 (5/578)
PEDIGREE: 4006 (6/578)
PEDIGREE: 4007 (7/578)
PEDIGREE: 4008 (8/578)
PEDIGREE: 4009 (9/578)
PEDIGREE: 4010 (10/578)
PEDIGREE: 4011 (11/578)
PEDIGREE: 4012 (12/578)
PEDIGREE: 4013 (13/578)
PEDIGREE: 4014 (14/578)
PEDIGREE: 4015 (15/578)
PEDIGREE: 4016 (16/578)
PEDIGREE: 4017 (17/578)
PEDIGREE: 4018 (18/578)
PEDIGREE: 4019 (19/578)
PEDIGREE: 4020 (20/578)
PEDIGREE: 4021 (21/578)
PEDIGREE: 4022 (22/578)
PEDIGREE: 4023 (23/578)
PEDIGREE: 4024 (24/578)
PEDIGREE: 4025 (25/578)
PEDIGREE: 4026 (26/578)
PEDIGREE: 4027 (27/578)
PEDIGREE: 4028 (28/578)
PEDIGREE: 4029 (29/578)
PEDIGREE: 4030 (30/578)
PEDIGREE: 4031 (31/578)
PEDIGREE: 4032 (32/578)
PEDIGREE: 4033 (33/578)
PEDIGREE: 4034 (34/578)
PEDIGREE: 4035 (35/578)
PEDIGREE: 4036 (36/578)
PEDIGREE: 4037 (37/578)
PEDIGREE: 4038 (38/578)
PEDIGREE: 4039 (39/578)
PEDIGREE: 4040 (40/578)
PEDIGREE: 4041 (41/578)
PEDIGREE: 4042 (42/578)
PEDIGREE: 4043 (43/578)
PEDIGREE: 4044 (44/578)
PEDIGREE: 4045 (45/578)
PEDIGREE: 4046 (46/578)
PEDIGREE: 4047 (47/578)
PEDIGREE: 4048 (48/578)
PEDIGREE: 4049 (49/578)
PEDIGREE: 4050 (50/578)
PEDIGREE: 4051 (51/578)
PEDIGREE: 4052 (52/578)
PEDIGREE: 4053 (53/578)
PEDIGREE: 4054 (54/578)
PEDIGREE: 4055 (55/578)
PEDIGREE: 4056 (56/578)
PEDIGREE: 4057 (57/578)
PEDIGREE: 4058 (58/578)
PEDIGREE: 4059 (59/578)
PEDIGREE: 4060 (60/578)
PEDIGREE: 4061 (61/578)
PEDIGREE: 4062 (62/578)
PEDIGREE: 4063 (63/578)
PEDIGREE: 4064 (64/578)
PEDIGREE: 4065 (65/578)
PEDIGREE: 4066 (66/578)
PEDIGREE: 4067 (67/578)
PEDIGREE: 4068 (68/578)
PEDIGREE: 4069 (69/578)
PEDIGREE: 4070 (70/578)
PEDIGREE: 4071 (71/578)
PEDIGREE: 4072 (72/578)
PEDIGREE: 4073 (73/578)
PEDIGREE: 4074 (74/578)
PEDIGREE: 4075 (75/578)
PEDIGREE: 4076 (76/578)
PEDIGREE: 4077 (77/578)
PEDIGREE: 4078 (78/578)
PEDIGREE: 4079 (79/578)
PEDIGREE: 4080 (80/578)
PEDIGREE: 4081 (81/578)
PEDIGREE: 4082 (82/578)
PEDIGREE: 4083 (83/578)
PEDIGREE: 4084 (84/578)
PEDIGREE: 4085 (85/578)
PEDIGREE: 4086 (86/578)
PEDIGREE: 4087 (87/578)
PEDIGREE: 4088 (88/578)
PEDIGREE: 4089 (89/578)
PEDIGREE: 4090 (90/578)
PEDIGREE: 4091 (91/578)
PEDIGREE: 4092 (92/578)
PEDIGREE: 4093 (93/578)
PEDIGREE: 4094 (94/578)
PEDIGREE: 4095 (95/578)
PEDIGREE: 4096 (96/578)
PEDIGREE: 4097 (97/578)
PEDIGREE: 4098 (98/578)
PEDIGREE: 4099 (99/578)
PEDIGREE: 4100 (100/578)
PEDIGREE: 4101 (101/578)
PEDIGREE: 4102 (102/578)
PEDIGREE: 4103 (103/578)
PEDIGREE: 4104 (104/578)
PEDIGREE: 4105 (105/578)
PEDIGREE: 4106 (106/578)
PEDIGREE: 4107 (107/578)
PEDIGREE: 4108 (108/578)
PEDIGREE: 4109 (109/578)
PEDIGREE: 4110 (110/578)
PEDIGREE: 4111 (111/578)
PEDIGREE: 4112 (112/578)
PEDIGREE: 4113 (113/578)
PEDIGREE: 4114 (114/578)
PEDIGREE: 4115 (115/578)
PEDIGREE: 4116 (116/578)
PEDIGREE: 4117 (117/578)
PEDIGREE: 4118 (118/578)
PEDIGREE: 4119 (119/578)
PEDIGREE: 4120 (120/578)
PEDIGREE: 4121 (121/578)
PEDIGREE: 4122 (122/578)
PEDIGREE: 4123 (123/578)
PEDIGREE: 4124 (124/578)
PEDIGREE: 4125 (125/578)
PEDIGREE: 4126 (126/578)
PEDIGREE: 4127 (127/578)
PEDIGREE: 4128 (128/578)
PEDIGREE: 4129 (129/578)
PEDIGREE: 4130 (130/578)
PEDIGREE: 4131 (131/578)
PEDIGREE: 4132 (132/578)
PEDIGREE: 4133 (133/578)
PEDIGREE: 4134 (134/578)
PEDIGREE: 4135 (135/578)
PEDIGREE: 4136 (136/578)
PEDIGREE: 4137 (137/578)
PEDIGREE: 4138 (138/578)
PEDIGREE: 4139 (139/578)
PEDIGREE: 4140 (140/578)
PEDIGREE: 4141 (141/578)
PEDIGREE: 4142 (142/578)
PEDIGREE: 4143 (143/578)
PEDIGREE: 4144 (144/578)
PEDIGREE: 4145 (145/578)
PEDIGREE: 4146 (146/578)
PEDIGREE: 4147 (147/578)
PEDIGREE: 4148 (148/578)
PEDIGREE: 4149 (149/578)
PEDIGREE: 4150 (150/578)
PEDIGREE: 4151 (151/578)
PEDIGREE: 4152 (152/578)
PEDIGREE: 4153 (153/578)
PEDIGREE: 4154 (154/578)
PEDIGREE: 4155 (155/578)
PEDIGREE: 4156 (156/578)
PEDIGREE: 4157 (157/578)
PEDIGREE: 4158 (158/578)
PEDIGREE: 4159 (159/578)
PEDIGREE: 4160 (160/578)
PEDIGREE: 4161 (161/578)
PEDIGREE: 4162 (162/578)
PEDIGREE: 4163 (163/578)
PEDIGREE: 4164 (164/578)
PEDIGREE: 4165 (165/578)
PEDIGREE: 4166 (166/578)
PEDIGREE: 4167 (167/578)
PEDIGREE: 4168 (168/578)
PEDIGREE: 4169 (169/578)
PEDIGREE: 4170 (170/578)
PEDIGREE: 4171 (171/578)
PEDIGREE: 4172 (172/578)
PEDIGREE: 4173 (173/578)
PEDIGREE: 4174 (174/578)
PEDIGREE: 4175 (175/578)
PEDIGREE: 4176 (176/578)
PEDIGREE: 4177 (177/578)
PEDIGREE: 4178 (178/578)
PEDIGREE: 4179 (179/578)
PEDIGREE: 4180 (180/578)
PEDIGREE: 4181 (181/578)
PEDIGREE: 4182 (182/578)
PEDIGREE: 4183 (183/578)
PEDIGREE: 4184 (184/578)
PEDIGREE: 4185 (185/578)
PEDIGREE: 4186 (186/578)
PEDIGREE: 4187 (187/578)
PEDIGREE: 4188 (188/578)
PEDIGREE: 4189 (189/578)
PEDIGREE: 4190 (190/578)
PEDIGREE: 4191 (191/578)
PEDIGREE: 4192 (192/578)
PEDIGREE: 4193 (193/578)
PEDIGREE: 4194 (194/578)
PEDIGREE: 4195 (195/578)
PEDIGREE: 4196 (196/578)
PEDIGREE: 4197 (197/578)
PEDIGREE: 4198 (198/578)
PEDIGREE: 4199 (199/578)
PEDIGREE: 4200 (200/578)
PEDIGREE: 4201 (201/578)
PEDIGREE: 4202 (202/578)
PEDIGREE: 4203 (203/578)
PEDIGREE: 4204 (204/578)
PEDIGREE: 4205 (205/578)
PEDIGREE: 4206 (206/578)
PEDIGREE: 4207 (207/578)
PEDIGREE: 4208 (208/578)
PEDIGREE: 4209 (209/578)
PEDIGREE: 4210 (210/578)
PEDIGREE: 4211 (211/578)
PEDIGREE: 4212 (212/578)
PEDIGREE: 4213 (213/578)
PEDIGREE: 4214 (214/578)
PEDIGREE: 4215 (215/578)
PEDIGREE: 4216 (216/578)
PEDIGREE: 4217 (217/578)
PEDIGREE: 4218 (218/578)
PEDIGREE: 4219 (219/578)
PEDIGREE: 4220 (220/578)
PEDIGREE: 4221 (221/578)
PEDIGREE: 4222 (222/578)
PEDIGREE: 4223 (223/578)
PEDIGREE: 4224 (224/578)
PEDIGREE: 4225 (225/578)
PEDIGREE: 4226 (226/578)
PEDIGREE: 4227 (227/578)
PEDIGREE: 4228 (228/578)
PEDIGREE: 4229 (229/578)
PEDIGREE: 4230 (230/578)
PEDIGREE: 4231 (231/578)
PEDIGREE: 4232 (232/578)
PEDIGREE: 4233 (233/578)
PEDIGREE: 4234 (234/578)
PEDIGREE: 4235 (235/578)
PEDIGREE: 4236 (236/578)
PEDIGREE: 4237 (237/578)
PEDIGREE: 4238 (238/578)
PEDIGREE: 4239 (239/578)
PEDIGREE: 4240 (240/578)
PEDIGREE: 4241 (241/578)
PEDIGREE: 4242 (242/578)
PEDIGREE: 4243 (243/578)
PEDIGREE: 4244 (244/578)
PEDIGREE: 4245 (245/578)
PEDIGREE: 4246 (246/578)
PEDIGREE: 4247 (247/578)
PEDIGREE: 4248 (248/578)
PEDIGREE: 4249 (249/578)
PEDIGREE: 4250 (250/578)
PEDIGREE: 4251 (251/578)
PEDIGREE: 4252 (252/578)
PEDIGREE: 4253 (253/578)
PEDIGREE: 4254 (254/578)
PEDIGREE: 4255 (255/578)
PEDIGREE: 4256 (256/578)
PEDIGREE: 4257 (257/578)
PEDIGREE: 4258 (258/578)
PEDIGREE: 4259 (259/578)
PEDIGREE: 4260 (260/578)
PEDIGREE: 4261 (261/578)
PEDIGREE: 4262 (262/578)
PEDIGREE: 4263 (263/578)
PEDIGREE: 4264 (264/578)
PEDIGREE: 4265 (265/578)
PEDIGREE: 4266 (266/578)
PEDIGREE: 4267 (267/578)
PEDIGREE: 4268 (268/578)
PEDIGREE: 4269 (269/578)
PEDIGREE: 4270 (270/578)
PEDIGREE: 4271 (271/578)
PEDIGREE: 4272 (272/578)
PEDIGREE: 4273 (273/578)
PEDIGREE: 4274 (274/578)
PEDIGREE: 4275 (275/578)
PEDIGREE: 4276 (276/578)
PEDIGREE: 4277 (277/578)
PEDIGREE: 4278 (278/578)
PEDIGREE: 4279 (279/578)
PEDIGREE: 4280 (280/578)
PEDIGREE: 4281 (281/578)
PEDIGREE: 4282 (282/578)
PEDIGREE: 4283 (283/578)
PEDIGREE: 4284 (284/578)
PEDIGREE: 4285 (285/578)
PEDIGREE: 4286 (286/578)
PEDIGREE: 4287 (287/578)
PEDIGREE: 4288 (288/578)
PEDIGREE: 4289 (289/578)
PEDIGREE: 4290 (290/578)
PEDIGREE: 4291 (291/578)
PEDIGREE: 4292 (292/578)
PEDIGREE: 4293 (293/578)
PEDIGREE: 4294 (294/578)
PEDIGREE: 4295 (295/578)
PEDIGREE: 4296 (296/578)
PEDIGREE: 4297 (297/578)
PEDIGREE: 4298 (298/578)
PEDIGREE: 4299 (299/578)
PEDIGREE: 4300 (300/578)
PEDIGREE: 4301 (301/578)
PEDIGREE: 4302 (302/578)
PEDIGREE: 4303 (303/578)
PEDIGREE: 4304 (304/578)
PEDIGREE: 4305 (305/578)
PEDIGREE: 4306 (306/578)
PEDIGREE: 4307 (307/578)
PEDIGREE: 4308 (308/578)
PEDIGREE: 4309 (309/578)
PEDIGREE: 4310 (310/578)
PEDIGREE: 4311 (311/578)
PEDIGREE: 4312 (312/578)
PEDIGREE: 4313 (313/578)
PEDIGREE: 4314 (314/578)
PEDIGREE: 4315 (315/578)
PEDIGREE: 4316 (316/578)
PEDIGREE: 4317 (317/578)
PEDIGREE: 4318 (318/578)
PEDIGREE: 4319 (319/578)
PEDIGREE: 4320 (320/578)
PEDIGREE: 4321 (321/578)
PEDIGREE: 4322 (322/578)
PEDIGREE: 4323 (323/578)
PEDIGREE: 4324 (324/578)
PEDIGREE: 4325 (325/578)
PEDIGREE: 4326 (326/578)
PEDIGREE: 4327 (327/578)
PEDIGREE: 4328 (328/578)
PEDIGREE: 4329 (329/578)
PEDIGREE: 4330 (330/578)
PEDIGREE: 4331 (331/578)
PEDIGREE: 4332 (332/578)
PEDIGREE: 4333 (333/578)
PEDIGREE: 4334 (334/578)
PEDIGREE: 4335 (335/578)
PEDIGREE: 4336 (336/578)
PEDIGREE: 4337 (337/578)
PEDIGREE: 4338 (338/578)
PEDIGREE: 4339 (339/578)
PEDIGREE: 4340 (340/578)
PEDIGREE: 4341 (341/578)
PEDIGREE: 4342 (342/578)
PEDIGREE: 4343 (343/578)
PEDIGREE: 4344 (344/578)
PEDIGREE: 4345 (345/578)
PEDIGREE: 4346 (346/578)
PEDIGREE: 4347 (347/578)
PEDIGREE: 4348 (348/578)
PEDIGREE: 4349 (349/578)
PEDIGREE: 4350 (350/578)
PEDIGREE: 4351 (351/578)
PEDIGREE: 4352 (352/578)
PEDIGREE: 4353 (353/578)
PEDIGREE: 4354 (354/578)
PEDIGREE: 4355 (355/578)
PEDIGREE: 4356 (356/578)
PEDIGREE: 4357 (357/578)
PEDIGREE: 4358 (358/578)
PEDIGREE: 4359 (359/578)
PEDIGREE: 4360 (360/578)
PEDIGREE: 4361 (361/578)
PEDIGREE: 4362 (362/578)
PEDIGREE: 4363 (363/578)
PEDIGREE: 4364 (364/578)
PEDIGREE: 4365 (365/578)
PEDIGREE: 4366 (366/578)
PEDIGREE: 4367 (367/578)
PEDIGREE: 4368 (368/578)
PEDIGREE: 4369 (369/578)
PEDIGREE: 4370 (370/578)
PEDIGREE: 4371 (371/578)
PEDIGREE: 4372 (372/578)
PEDIGREE: 4373 (373/578)
PEDIGREE: 4374 (374/578)
PEDIGREE: 4375 (375/578)
PEDIGREE: 4376 (376/578)
PEDIGREE: 4377 (377/578)
PEDIGREE: 4378 (378/578)
PEDIGREE: 4379 (379/578)
PEDIGREE: 4380 (380/578)
PEDIGREE: 4381 (381/578)
PEDIGREE: 4382 (382/578)
PEDIGREE: 4383 (383/578)
PEDIGREE: 4384 (384/578)
PEDIGREE: 4385 (385/578)
PEDIGREE: 4386 (386/578)
PEDIGREE: 4387 (387/578)
PEDIGREE: 4388 (388/578)
PEDIGREE: 4389 (389/578)
PEDIGREE: 4390 (390/578)
PEDIGREE: 4391 (391/578)
PEDIGREE: 4392 (392/578)
PEDIGREE: 4393 (393/578)
PEDIGREE: 4394 (394/578)
PEDIGREE: 4395 (395/578)
PEDIGREE: 4396 (396/578)
PEDIGREE: 4397 (397/578)
PEDIGREE: 4398 (398/578)
PEDIGREE: 4399 (399/578)
PEDIGREE: 4400 (400/578)
PEDIGREE: 4401 (401/578)
PEDIGREE: 4402 (402/578)
PEDIGREE: 4403 (403/578)
PEDIGREE: 4404 (404/578)
PEDIGREE: 4405 (405/578)
PEDIGREE: 4406 (406/578)
PEDIGREE: 4407 (407/578)
PEDIGREE: 4408 (408/578)
PEDIGREE: 4409 (409/578)
PEDIGREE: 4410 (410/578)
PEDIGREE: 4411 (411/578)
PEDIGREE: 4412 (412/578)
PEDIGREE: 4413 (413/578)
PEDIGREE: 4414 (414/578)
PEDIGREE: 4415 (415/578)
PEDIGREE: 4416 (416/578)
PEDIGREE: 4417 (417/578)
PEDIGREE: 4418 (418/578)
PEDIGREE: 4419 (419/578)
PEDIGREE: 4420 (420/578)
PEDIGREE: 4421 (421/578)
PEDIGREE: 4422 (422/578)
PEDIGREE: 4423 (423/578)
PEDIGREE: 4424 (424/578)
PEDIGREE: 4425 (425/578)
PEDIGREE: 4426 (426/578)
PEDIGREE: 4427 (427/578)
PEDIGREE: 4428 (428/578)
PEDIGREE: 4429 (429/578)
PEDIGREE: 4430 (430/578)
PEDIGREE: 4431 (431/578)
PEDIGREE: 4432 (432/578)
PEDIGREE: 4433 (433/578)
PEDIGREE: 4434 (434/578)
PEDIGREE: 4435 (435/578)
PEDIGREE: 4436 (436/578)
PEDIGREE: 4437 (437/578)
PEDIGREE: 4438 (438/578)
PEDIGREE: 4439 (439/578)
PEDIGREE: 4440 (440/578)
PEDIGREE: 4441 (441/578)
PEDIGREE: 4442 (442/578)
PEDIGREE: 4443 (443/578)
PEDIGREE: 4444 (444/578)
PEDIGREE: 4445 (445/578)
PEDIGREE: 4446 (446/578)
PEDIGREE: 4447 (447/578)
PEDIGREE: 4448 (448/578)
PEDIGREE: 4449 (449/578)
PEDIGREE: 4450 (450/578)
PEDIGREE: 4451 (451/578)
PEDIGREE: 4452 (452/578)
PEDIGREE: 4453 (453/578)
PEDIGREE: 4454 (454/578)
PEDIGREE: 4455 (455/578)
PEDIGREE: 4456 (456/578)
PEDIGREE: 4457 (457/578)
PEDIGREE: 4458 (458/578)
PEDIGREE: 4459 (459/578)
PEDIGREE: 4460 (460/578)
PEDIGREE: 4461 (461/578)
PEDIGREE: 4462 (462/578)
PEDIGREE: 4463 (463/578)
PEDIGREE: 4464 (464/578)
PEDIGREE: 4465 (465/578)
PEDIGREE: 4466 (466/578)
PEDIGREE: 4467 (467/578)
PEDIGREE: 4468 (468/578)
PEDIGREE: 4469 (469/578)
PEDIGREE: 4470 (470/578)
PEDIGREE: 4471 (471/578)
PEDIGREE: 4472 (472/578)
PEDIGREE: 4473 (473/578)
PEDIGREE: 4474 (474/578)
PEDIGREE: 4475 (475/578)
PEDIGREE: 4476 (476/578)
PEDIGREE: 4477 (477/578)
PEDIGREE: 4478 (478/578)
PEDIGREE: 4479 (479/578)
PEDIGREE: 4480 (480/578)
PEDIGREE: 4481 (481/578)
PEDIGREE: 4482 (482/578)
PEDIGREE: 4483 (483/578)
PEDIGREE: 4484 (484/578)
PEDIGREE: 4485 (485/578)
PEDIGREE: 4486 (486/578)
PEDIGREE: 4487 (487/578)
PEDIGREE: 4488 (488/578)
PEDIGREE: 4489 (489/578)
PEDIGREE: 4490 (490/578)
PEDIGREE: 4491 (491/578)
PEDIGREE: 4492 (492/578)
PEDIGREE: 4493 (493/578)
PEDIGREE: 4494 (494/578)
PEDIGREE: 4495 (495/578)
PEDIGREE: 4496 (496/578)
PEDIGREE: 4497 (497/578)
PEDIGREE: 4498 (498/578)
PEDIGREE: 4499 (499/578)
PEDIGREE: 4500 (500/578)
PEDIGREE: 4501 (501/578)
PEDIGREE: 4502 (502/578)
PEDIGREE: 4503 (503/578)
PEDIGREE: 4504 (504/578)
PEDIGREE: 4505 (505/578)
PEDIGREE: 4506 (506/578)
PEDIGREE: 4507 (507/578)
PEDIGREE: 4508 (508/578)
PEDIGREE: 4509 (509/578)
PEDIGREE: 4510 (510/578)
PEDIGREE: 4511 (511/578)
PEDIGREE: 4512 (512/578)
PEDIGREE: 4513 (513/578)
PEDIGREE: 4514 (514/578)
PEDIGREE: 4515 (515/578)
PEDIGREE: 4516 (516/578)
PEDIGREE: 4517 (517/578)
PEDIGREE: 4518 (518/578)
PEDIGREE: 4519 (519/578)
PEDIGREE: 4520 (520/578)
PEDIGREE: 4521 (521/578)
PEDIGREE: 4522 (522/578)
PEDIGREE: 4523 (523/578)
PEDIGREE: 4524 (524/578)
PEDIGREE: 4525 (525/578)
PEDIGREE: 4526 (526/578)
PEDIGREE: 4527 (527/578)
PEDIGREE: 4528 (528/578)
PEDIGREE: 4529 (529/578)
PEDIGREE: 4530 (530/578)
PEDIGREE: 4531 (531/578)
PEDIGREE: 4532 (532/578)
PEDIGREE: 4533 (533/578)
PEDIGREE: 4534 (534/578)
PEDIGREE: 4535 (535/578)
PEDIGREE: 4536 (536/578)
PEDIGREE: 4537 (537/578)
PEDIGREE: 4538 (538/578)
PEDIGREE: 4539 (539/578)
PEDIGREE: 4540 (540/578)
PEDIGREE: 4541 (541/578)
PEDIGREE: 4542 (542/578)
PEDIGREE: 4543 (543/578)
PEDIGREE: 4544 (544/578)
PEDIGREE: 4545 (545/578)
PEDIGREE: 4546 (546/578)
PEDIGREE: 4547 (547/578)
PEDIGREE: 4548 (548/578)
PEDIGREE: 4549 (549/578)
PEDIGREE: 4550 (550/578)
PEDIGREE: 4551 (551/578)
PEDIGREE: 4552 (552/578)
PEDIGREE: 4553 (553/578)
PEDIGREE: 4554 (554/578)
PEDIGREE: 4555 (555/578)
PEDIGREE: 4556 (556/578)
PEDIGREE: 4557 (557/578)
PEDIGREE: 4558 (558/578)
PEDIGREE: 5001 (559/578)
PEDIGREE: 5002 (560/578)
PEDIGREE: 5003 (561/578)
PEDIGREE: 5004 (562/578)
PEDIGREE: 5005 (563/578)
PEDIGREE: 5006 (564/578)
PEDIGREE: 5007 (565/578)
PEDIGREE: 5008 (566/578)
PEDIGREE: 5009 (567/578)
PEDIGREE: 5010 (568/578)
PEDIGREE: 5011 (569/578)
PEDIGREE: 5012 (570/578)
PEDIGREE: 5013 (571/578)
PEDIGREE: 5014 (572/578)
PEDIGREE: 5015 (573/578)
PEDIGREE: 5016 (574/578)
PEDIGREE: 5017 (575/578)
PEDIGREE: 5018 (576/578)
PEDIGREE: 5019 (577/578)
PEDIGREE: 5020 (578/578)
Finished polynomial building: 231.340000
MP done ALT on pos 0: 511.470000
