pos PPL avgLR(count) MOD Alpha dgf pen_vector markerList
	 5.000000  0.0203   1.00009296(1)   0.000040 1.000000 0.001000  0.900000 0.400000 0.100000 (1,2)
	 6.000000  0.0203   1.00009255(1)   0.000040 1.000000 0.001000  0.900000 0.400000 0.100000 (1,2)
	 7.000000  0.0203   1.00009064(1)   0.000039 1.000000 0.001000  0.900000 0.400000 0.100000 (1,2)
	 8.000000  0.0203   0.99996914(1)  -0.000013 1.000000 0.001000  0.900000 0.400000 0.100000 (1,2)
	 9.000000  0.0203   0.99987057(1)  -0.000056 1.000000 0.001000  0.900000 0.400000 0.100000 (1,2)
	 10.000000  0.0203   0.99979751(1)  -0.000088 1.000000 0.001000  0.900000 0.400000 0.100000 (1,2)
	 11.000000  0.0203   0.99975190(1)  -0.000108 1.000000 0.001000  0.900000 0.400000 0.100000 (1,2)
	 12.000000  0.0203   0.99973497(1)  -0.000115 1.000000 0.001000  0.900000 0.400000 0.100000 (1,2)
	 13.000000  0.0203   0.99974727(1)  -0.000110 1.000000 0.001000  0.900000 0.400000 0.100000 (1,2)
	 14.000000  0.0203   0.99978858(1)  -0.000092 1.000000 0.001000  0.900000 0.400000 0.100000 (1,2)
	 15.000000  0.0203   0.99985796(1)  -0.000062 1.000000 0.001000  0.900000 0.400000 0.100000 (1,2)
	 16.000000  0.0203   0.99995379(1)  -0.000020 1.000000 0.001000  0.900000 0.400000 0.100000 (1,2)
	 17.000000  0.0203   1.00007377(1)   0.000032 1.000000 0.001000  0.900000 0.400000 0.100000 (1,2)
	 18.000000  0.0203   0.99925902(1)  -0.000322 1.000000 0.001000  0.900000 0.400000 0.100000 (2,3)
	 19.000000  0.0203   0.99816466(1)  -0.000798 1.000000 0.001000  0.900000 0.400000 0.100000 (2,3)
	 20.000000  0.0203   0.99728488(1)  -0.001181 1.000000 0.001000  0.900000 0.400000 0.100000 (2,3)
	 21.000000  0.0203   0.99662828(1)  -0.001467 1.000000 0.001000  0.900000 0.400000 0.100000 (2,3)
	 22.000000  0.0202   0.99620134(1)  -0.001653 1.000000 0.001000  0.900000 0.400000 0.100000 (2,3)
	 23.000000  0.0202   0.99600834(1)  -0.001737 1.000000 0.001000  0.900000 0.400000 0.100000 (2,3)
	 24.000000  0.0202   0.99605120(1)  -0.001718 1.000000 0.001000  0.900000 0.400000 0.100000 (2,3)
	 25.000000  0.0202   0.99632950(1)  -0.001597 1.000000 0.001000  0.900000 0.400000 0.100000 (2,3)
	 26.000000  0.0203   0.99684046(1)  -0.001374 1.000000 0.001000  0.900000 0.400000 0.100000 (2,3)
	 27.000000  0.0203   0.99757900(1)  -0.001053 1.000000 0.001000  0.900000 0.400000 0.100000 (2,3)
	 28.000000  0.0203   0.99853784(1)  -0.000635 1.000000 0.001000  0.900000 0.400000 0.100000 (2,3)
	 29.000000  0.0203   0.99970768(1)  -0.000127 1.000000 0.001000  0.900000 0.400000 0.100000 (2,3)
	 30.000000  0.0203   0.99865498(1)  -0.000585 1.000000 0.001000  0.900000 0.400000 0.100000 (3,4)
	 31.000000  0.0203   0.99708691(1)  -0.001267 1.000000 0.001000  0.900000 0.400000 0.100000 (3,4)
	 32.000000  0.0202   0.99571874(1)  -0.001863 1.000000 0.001000  0.900000 0.400000 0.100000 (3,4)
	 33.000000  0.0202   0.99456408(1)  -0.002367 1.000000 0.001000  0.900000 0.400000 0.100000 (3,4)
	 34.000000  0.0202   0.99363461(1)  -0.002773 1.000000 0.001000  0.900000 0.400000 0.100000 (3,4)
	 35.000000  0.0202   0.99293981(1)  -0.003077 1.000000 0.001000  0.900000 0.400000 0.100000 (3,4)
	 36.000000  0.0202   0.99248684(1)  -0.003275 1.000000 0.001000  0.900000 0.400000 0.100000 (3,4)
	 37.000000  0.0202   0.99228041(1)  -0.003366 1.000000 0.001000  0.900000 0.400000 0.100000 (3,4)
	 38.000000  0.0202   0.99232266(1)  -0.003347 1.000000 0.001000  0.900000 0.400000 0.100000 (3,4)
	 39.000000  0.0202   0.99261313(1)  -0.003220 1.000000 0.001000  0.900000 0.400000 0.100000 (3,4)
	 40.000000  0.0202   0.99314878(1)  -0.002986 1.000000 0.001000  0.900000 0.400000 0.100000 (3,4)
	 41.000000  0.0202   0.99392405(1)  -0.002647 1.000000 0.001000  0.900000 0.400000 0.100000 (3,4)
	 42.000000  0.0202   0.99493095(1)  -0.002207 1.000000 0.001000  0.900000 0.400000 0.100000 (3,4)
	 43.000000  0.0202   0.99615921(1)  -0.001671 1.000000 0.001000  0.900000 0.400000 0.100000 (3,4)
	 44.000000  0.0203   0.99759645(1)  -0.001045 1.000000 0.001000  0.900000 0.400000 0.100000 (3,4)
	 45.000000  0.0203   0.99922844(1)  -0.000335 1.000000 0.001000  0.900000 0.400000 0.100000 (3,4)
